2023-05-22 19:12:48,745 [INFO] Activator:178 - 


2023-05-22 19:12:48,749 [INFO] Activator:179 - !SESSION log4j initialized
2023-05-22 19:13:01,908 [INFO] ApplicationProperties:181 - Using Application install path: C:\ST\STM32CubeIDE_1.4.0\STM32CubeIDE\plugins\com.st.stm32cube.common.mx_6.0.0.202007160824
2023-05-22 19:13:01,926 [INFO] DbMcusXml:70 - Set database path to: C:\ST\STM32CubeIDE_1.4.0\STM32CubeIDE\plugins\com.st.stm32cube.common.mx_6.0.0.202007160824\\db\/mcu/
2023-05-22 19:13:01,930 [INFO] DbBoardsPdsc:56 - Set plugin database path to: C:\ST\STM32CubeIDE_1.4.0\STM32CubeIDE\plugins\com.st.stm32cube.common.mx_6.0.0.202007160824\\db\/plugins/boardmanager/
2023-05-22 19:13:01,930 [INFO] DbMcus:258 - Set plugin images path to: C:\ST\STM32CubeIDE_1.4.0\STM32CubeIDE\plugins\com.st.stm32cube.common.mx_6.0.0.202007160824\\db\/plugins/mcufinder/images/
2023-05-22 19:13:01,931 [INFO] DbBoards:264 - Set plugin images path to: C:\ST\STM32CubeIDE_1.4.0\STM32CubeIDE\plugins\com.st.stm32cube.common.mx_6.0.0.202007160824\\db\/plugins/mcufinder/images/
2023-05-22 19:13:01,934 [INFO] DbExamples:326 - Set plugin images path to: C:\ST\STM32CubeIDE_1.4.0\STM32CubeIDE\plugins\com.st.stm32cube.common.mx_6.0.0.202007160824\\db\/plugins/mcufinder/images/
2023-05-22 19:13:01,944 [INFO] DbMcusDocs:112 - Set database path to: C:\Users\20102\.stmcufinder\plugins\mcufinder//mcu/
2023-05-22 19:13:01,948 [INFO] DbMcusJson:63 - Set database path to: C:\Users\20102\.stmcufinder\plugins\mcufinder//mcu/
2023-05-22 19:13:01,949 [INFO] DbBoardsDocs:112 - Set database path to: C:\Users\20102\.stmcufinder\plugins\mcufinder//mcu/
2023-05-22 19:13:01,951 [INFO] DbBoardsJson:56 - Set database path to: C:\Users\20102\.stmcufinder\plugins\mcufinder//mcu/
2023-05-22 19:13:01,955 [INFO] CrossReferenceDbSqlite:196 - Set database path to: C:\Users\20102\.stmcufinder\plugins\mcufinder//mcu/cs/
2023-05-22 19:13:01,959 [INFO] DbExamplesSqlite:800 - Set database path to: C:\Users\20102\.stmcufinder\plugins\mcufinder//mcu/
2023-05-22 19:13:02,133 [INFO] RulesReader:52 - Compatibility file has been processed (209 Rules)
2023-05-22 19:13:02,242 [INFO] MicroXplorer:564 - Detected Java Version = 1.8.0_252
2023-05-22 19:13:02,243 [INFO] DbMcusXml:70 - Set database path to: C:\ST\STM32CubeIDE_1.4.0\STM32CubeIDE\plugins\com.st.stm32cube.common.mx_6.0.0.202007160824\\db\/mcu/
2023-05-22 19:13:02,243 [INFO] DbBoardsPdsc:56 - Set plugin database path to: C:\ST\STM32CubeIDE_1.4.0\STM32CubeIDE\plugins\com.st.stm32cube.common.mx_6.0.0.202007160824\\db\/plugins/boardmanager/
2023-05-22 19:13:02,244 [INFO] DbMcus:258 - Set plugin images path to: C:\ST\STM32CubeIDE_1.4.0\STM32CubeIDE\plugins\com.st.stm32cube.common.mx_6.0.0.202007160824\\db\/plugins/mcufinder/images/
2023-05-22 19:13:02,244 [INFO] DbBoards:264 - Set plugin images path to: C:\ST\STM32CubeIDE_1.4.0\STM32CubeIDE\plugins\com.st.stm32cube.common.mx_6.0.0.202007160824\\db\/plugins/mcufinder/images/
2023-05-22 19:13:02,244 [INFO] DbExamples:326 - Set plugin images path to: C:\ST\STM32CubeIDE_1.4.0\STM32CubeIDE\plugins\com.st.stm32cube.common.mx_6.0.0.202007160824\\db\/plugins/mcufinder/images/
2023-05-22 19:13:02,245 [WARN] DbFile:36 - Overriding database path with different value: C:\Users\20102\.stmcufinder\plugins\mcufinder/ => C:\Users\20102\.stmcufinder\plugins\mcufinder
2023-05-22 19:13:02,245 [INFO] DbMcusDocs:112 - Set database path to: C:\Users\20102\.stmcufinder\plugins\mcufinder//mcu/
2023-05-22 19:13:02,245 [WARN] DbFile:36 - Overriding database path with different value: C:\Users\20102\.stmcufinder\plugins\mcufinder/ => C:\Users\20102\.stmcufinder\plugins\mcufinder
2023-05-22 19:13:02,245 [INFO] DbMcusJson:63 - Set database path to: C:\Users\20102\.stmcufinder\plugins\mcufinder//mcu/
2023-05-22 19:13:02,245 [WARN] DbFile:36 - Overriding database path with different value: C:\Users\20102\.stmcufinder\plugins\mcufinder/ => C:\Users\20102\.stmcufinder\plugins\mcufinder
2023-05-22 19:13:02,245 [INFO] DbBoardsDocs:112 - Set database path to: C:\Users\20102\.stmcufinder\plugins\mcufinder//mcu/
2023-05-22 19:13:02,246 [WARN] DbFile:36 - Overriding database path with different value: C:\Users\20102\.stmcufinder\plugins\mcufinder/ => C:\Users\20102\.stmcufinder\plugins\mcufinder
2023-05-22 19:13:02,246 [INFO] DbBoardsJson:56 - Set database path to: C:\Users\20102\.stmcufinder\plugins\mcufinder//mcu/
2023-05-22 19:13:02,246 [WARN] DbFile:36 - Overriding database path with different value: C:\Users\20102\.stmcufinder\plugins\mcufinder/ => C:\Users\20102\.stmcufinder\plugins\mcufinder
2023-05-22 19:13:02,246 [WARN] DbFile:36 - Overriding database path with different value: C:\Users\20102\.stmcufinder\plugins\mcufinder/ => C:\Users\20102\.stmcufinder\plugins\mcufinder
2023-05-22 19:13:02,246 [INFO] CrossReferenceDbSqlite:196 - Set database path to: C:\Users\20102\.stmcufinder\plugins\mcufinder//mcu/cs/
2023-05-22 19:13:02,246 [WARN] DbFile:36 - Overriding database path with different value: C:\Users\20102\.stmcufinder\plugins\mcufinder/ => C:\Users\20102\.stmcufinder\plugins\mcufinder
2023-05-22 19:13:02,246 [INFO] DbExamplesSqlite:800 - Set database path to: C:\Users\20102\.stmcufinder\plugins\mcufinder//mcu/
2023-05-22 19:13:02,333 [INFO] MainPanel:189 - HeapMemory: 319815680
2023-05-22 19:13:02,438 [INFO] DbMcusXml:70 - Set database path to: C:\ST\STM32CubeIDE_1.4.0\STM32CubeIDE\plugins\com.st.stm32cube.common.mx_6.0.0.202007160824\\db\/mcu/
2023-05-22 19:13:02,438 [INFO] DbBoardsPdsc:56 - Set plugin database path to: C:\ST\STM32CubeIDE_1.4.0\STM32CubeIDE\plugins\com.st.stm32cube.common.mx_6.0.0.202007160824\\db\/plugins/boardmanager/
2023-05-22 19:13:02,439 [INFO] DbMcus:258 - Set plugin images path to: C:\ST\STM32CubeIDE_1.4.0\STM32CubeIDE\plugins\com.st.stm32cube.common.mx_6.0.0.202007160824\\db\/plugins/mcufinder/images/
2023-05-22 19:13:02,439 [INFO] DbBoards:264 - Set plugin images path to: C:\ST\STM32CubeIDE_1.4.0\STM32CubeIDE\plugins\com.st.stm32cube.common.mx_6.0.0.202007160824\\db\/plugins/mcufinder/images/
2023-05-22 19:13:02,439 [INFO] DbExamples:326 - Set plugin images path to: C:\ST\STM32CubeIDE_1.4.0\STM32CubeIDE\plugins\com.st.stm32cube.common.mx_6.0.0.202007160824\\db\/plugins/mcufinder/images/
2023-05-22 19:13:02,440 [WARN] DbFile:36 - Overriding database path with different value: C:\Users\20102\.stmcufinder\plugins\mcufinder/ => C:\Users\20102\.stmcufinder\plugins\mcufinder
2023-05-22 19:13:02,440 [INFO] DbMcusDocs:112 - Set database path to: C:\Users\20102\.stmcufinder\plugins\mcufinder//mcu/
2023-05-22 19:13:02,440 [WARN] DbFile:36 - Overriding database path with different value: C:\Users\20102\.stmcufinder\plugins\mcufinder/ => C:\Users\20102\.stmcufinder\plugins\mcufinder
2023-05-22 19:13:02,440 [INFO] DbMcusJson:63 - Set database path to: C:\Users\20102\.stmcufinder\plugins\mcufinder//mcu/
2023-05-22 19:13:02,440 [WARN] DbFile:36 - Overriding database path with different value: C:\Users\20102\.stmcufinder\plugins\mcufinder/ => C:\Users\20102\.stmcufinder\plugins\mcufinder
2023-05-22 19:13:02,441 [INFO] DbBoardsDocs:112 - Set database path to: C:\Users\20102\.stmcufinder\plugins\mcufinder//mcu/
2023-05-22 19:13:02,441 [WARN] DbFile:36 - Overriding database path with different value: C:\Users\20102\.stmcufinder\plugins\mcufinder/ => C:\Users\20102\.stmcufinder\plugins\mcufinder
2023-05-22 19:13:02,441 [INFO] DbBoardsJson:56 - Set database path to: C:\Users\20102\.stmcufinder\plugins\mcufinder//mcu/
2023-05-22 19:13:02,441 [WARN] DbFile:36 - Overriding database path with different value: C:\Users\20102\.stmcufinder\plugins\mcufinder/ => C:\Users\20102\.stmcufinder\plugins\mcufinder
2023-05-22 19:13:02,441 [WARN] DbFile:36 - Overriding database path with different value: C:\Users\20102\.stmcufinder\plugins\mcufinder/ => C:\Users\20102\.stmcufinder\plugins\mcufinder
2023-05-22 19:13:02,441 [INFO] CrossReferenceDbSqlite:196 - Set database path to: C:\Users\20102\.stmcufinder\plugins\mcufinder//mcu/cs/
2023-05-22 19:13:02,441 [WARN] DbFile:36 - Overriding database path with different value: C:\Users\20102\.stmcufinder\plugins\mcufinder/ => C:\Users\20102\.stmcufinder\plugins\mcufinder
2023-05-22 19:13:02,442 [INFO] DbExamplesSqlite:800 - Set database path to: C:\Users\20102\.stmcufinder\plugins\mcufinder//mcu/
2023-05-22 19:13:02,465 [INFO] ApplicationProperties:181 - Using Application install path: C:\ST\STM32CubeIDE_1.4.0\STM32CubeIDE\plugins\com.st.stm32cube.common.mx_6.0.0.202007160824
2023-05-22 19:13:02,467 [INFO] PluginManage:178 - Search for loadable plugins [exclusion list=, ]
2023-05-22 19:13:02,470 [INFO] PluginManage:292 - Check plugin analytics
2023-05-22 19:13:03,470 [INFO] AnalyticsPlugin:203 - Accepted Software Licenses: 
2023-05-22 19:13:03,471 [INFO] AnalyticsPlugin:205 - Accepted CMSIS Pack Licenses: 
2023-05-22 19:13:03,471 [INFO] AnalyticsPlugin:207 - Accepted Firmware Licenses: 
2023-05-22 19:13:03,472 [INFO] PluginManage:342 - Loaded plugin analytics (category:tool,tabindex:-1)
2023-05-22 19:13:03,472 [INFO] PluginManage:292 - Check plugin clock
2023-05-22 19:13:03,504 [INFO] PluginManage:342 - Loaded plugin clock (category:base,tabindex:2)
2023-05-22 19:13:03,504 [INFO] PluginManage:292 - Check plugin ddr
2023-05-22 19:13:03,506 [INFO] PluginManage:342 - Loaded plugin ddr (category:tool,tabindex:6)
2023-05-22 19:13:03,507 [INFO] PluginManage:292 - Check plugin filemanager
2023-05-22 19:13:03,676 [INFO] PluginManage:342 - Loaded plugin filemanager (category:base,tabindex:10)
2023-05-22 19:13:03,677 [INFO] PluginManage:292 - Check plugin ipmanager
2023-05-22 19:13:03,692 [INFO] PluginManage:342 - Loaded plugin ipmanager (category:base,tabindex:5)
2023-05-22 19:13:03,693 [INFO] PluginManage:292 - Check plugin pinoutandconfiguration
2023-05-22 19:13:03,719 [INFO] PluginManage:342 - Loaded plugin pinoutandconfiguration (category:base,tabindex:1)
2023-05-22 19:13:03,719 [INFO] PluginManage:292 - Check plugin pinoutconfig
2023-05-22 19:13:03,767 [INFO] PluginManage:342 - Loaded plugin pinoutconfig (category:base,tabindex:0)
2023-05-22 19:13:03,767 [INFO] PluginManage:292 - Check plugin power
2023-05-22 19:13:03,794 [INFO] PluginManage:342 - Loaded plugin power (category:power,tabindex:4)
2023-05-22 19:13:03,795 [INFO] PluginManage:292 - Check plugin projectmanager
2023-05-22 19:13:03,816 [INFO] PluginManage:342 - Loaded plugin projectmanager (category:projectmanager,tabindex:3)
2023-05-22 19:13:03,817 [INFO] PluginManage:292 - Check plugin thirdparty
2023-05-22 19:13:04,122 [INFO] ThirdPartyDb:333 - Open Third Party DataBase File (C:/Users/20102/.stm32cubemx/plugins/thirdparty/db/thirdparties_db.xml) : 115 ms. number of Sw pack : 72
2023-05-22 19:13:04,127 [INFO] PluginManage:342 - Loaded plugin thirdparty (category:base,tabindex:-1)
2023-05-22 19:13:04,128 [INFO] PluginManage:292 - Check plugin tools
2023-05-22 19:13:04,208 [INFO] PluginManage:342 - Loaded plugin tools (category:base,tabindex:7)
2023-05-22 19:13:04,208 [INFO] PluginManage:292 - Check plugin tutovideos
2023-05-22 19:13:04,494 [INFO] PluginManage:342 - Loaded plugin tutovideos (category:base,tabindex:-1)
2023-05-22 19:13:04,495 [INFO] PluginManage:292 - Check plugin updater
2023-05-22 19:13:04,518 [INFO] PluginManage:342 - Loaded plugin updater (category:base,tabindex:12)
2023-05-22 19:13:04,521 [INFO] PluginManage:265 - PluginManage : Loaded plugins [13]
2023-05-22 19:13:04,758 [INFO] PinOutPanel:1418 - setPackage(No Configuration,No Configuration)
2023-05-22 19:13:04,881 [INFO] IPUIPlugin:64 - create IPUIPlugin
2023-05-22 19:13:04,882 [INFO] PluginManager:200 - loadIPPluginJar : add adc
2023-05-22 19:13:04,932 [INFO] IPUIPlugin:64 - create IPUIPlugin
2023-05-22 19:13:04,933 [INFO] PluginManager:200 - loadIPPluginJar : add aes
2023-05-22 19:13:05,010 [INFO] IPUIPlugin:64 - create IPUIPlugin
2023-05-22 19:13:05,010 [INFO] PluginManager:200 - loadIPPluginJar : add can
2023-05-22 19:13:05,050 [INFO] IPUIPlugin:64 - create IPUIPlugin
2023-05-22 19:13:05,050 [INFO] PluginManager:200 - loadIPPluginJar : add comp
2023-05-22 19:13:05,095 [INFO] IPUIPlugin:64 - create IPUIPlugin
2023-05-22 19:13:05,095 [INFO] PluginManager:200 - loadIPPluginJar : add cryp
2023-05-22 19:13:05,143 [INFO] IPUIPlugin:64 - create IPUIPlugin
2023-05-22 19:13:05,143 [INFO] PluginManager:200 - loadIPPluginJar : add dfsdm
2023-05-22 19:13:05,161 [INFO] IPUIPlugin:64 - create IPUIPlugin
2023-05-22 19:13:05,162 [INFO] PluginManager:200 - loadIPPluginJar : add dma
2023-05-22 19:13:05,198 [INFO] IPUIPlugin:64 - create IPUIPlugin
2023-05-22 19:13:05,198 [INFO] PluginManager:200 - loadIPPluginJar : add fatfs
2023-05-22 19:13:05,269 [INFO] IPUIPlugin:64 - create IPUIPlugin
2023-05-22 19:13:05,269 [INFO] PluginManager:200 - loadIPPluginJar : add fmc
2023-05-22 19:13:05,288 [INFO] IPUIPlugin:64 - create IPUIPlugin
2023-05-22 19:13:05,289 [INFO] PluginManager:200 - loadIPPluginJar : add freertos
2023-05-22 19:13:05,326 [INFO] IPUIPlugin:64 - create IPUIPlugin
2023-05-22 19:13:05,327 [INFO] PluginManager:200 - loadIPPluginJar : add genericplugin
2023-05-22 19:13:05,523 [INFO] IPUIPlugin:64 - create IPUIPlugin
2023-05-22 19:13:05,523 [INFO] PluginManager:200 - loadIPPluginJar : add gfxmmu
2023-05-22 19:13:05,691 [INFO] IPUIPlugin:64 - create IPUIPlugin
2023-05-22 19:13:05,691 [INFO] PluginManager:200 - loadIPPluginJar : add gic
2023-05-22 19:13:05,709 [INFO] IPUIPlugin:64 - create IPUIPlugin
2023-05-22 19:13:05,709 [INFO] PluginManager:200 - loadIPPluginJar : add gpio
2023-05-22 19:13:05,796 [INFO] IPUIPlugin:64 - create IPUIPlugin
2023-05-22 19:13:05,796 [INFO] PluginManager:200 - loadIPPluginJar : add gtzc
2023-05-22 19:13:05,841 [INFO] IPUIPlugin:64 - create IPUIPlugin
2023-05-22 19:13:05,843 [INFO] PluginManager:200 - loadIPPluginJar : add hash
2023-05-22 19:13:05,916 [INFO] IPUIPlugin:64 - create IPUIPlugin
2023-05-22 19:13:05,916 [INFO] PluginManager:200 - loadIPPluginJar : add i2c
2023-05-22 19:13:05,977 [INFO] IPUIPlugin:64 - create IPUIPlugin
2023-05-22 19:13:05,978 [INFO] PluginManager:200 - loadIPPluginJar : add i2s
2023-05-22 19:13:05,991 [INFO] IPUIPlugin:64 - create IPUIPlugin
2023-05-22 19:13:05,991 [INFO] PluginManager:200 - loadIPPluginJar : add ipddr
2023-05-22 19:13:06,046 [INFO] IPUIPlugin:64 - create IPUIPlugin
2023-05-22 19:13:06,047 [INFO] PluginManager:200 - loadIPPluginJar : add ltdc
2023-05-22 19:13:06,063 [INFO] IPUIPlugin:64 - create IPUIPlugin
2023-05-22 19:13:06,064 [INFO] PluginManager:200 - loadIPPluginJar : add mdma
2023-05-22 19:13:06,081 [INFO] IPUIPlugin:64 - create IPUIPlugin
2023-05-22 19:13:06,082 [INFO] PluginManager:200 - loadIPPluginJar : add nvic
2023-05-22 19:13:06,136 [INFO] IPUIPlugin:64 - create IPUIPlugin
2023-05-22 19:13:06,137 [INFO] PluginManager:200 - loadIPPluginJar : add opamp
2023-05-22 19:13:06,253 [INFO] IPUIPlugin:64 - create IPUIPlugin
2023-05-22 19:13:06,253 [INFO] PluginManager:200 - loadIPPluginJar : add openamp
2023-05-22 19:13:06,343 [INFO] IPUIPlugin:64 - create IPUIPlugin
2023-05-22 19:13:06,343 [INFO] PluginManager:200 - loadIPPluginJar : add pdm2pcm
2023-05-22 19:13:06,366 [INFO] IPUIPlugin:64 - create IPUIPlugin
2023-05-22 19:13:06,370 [INFO] PluginManager:200 - loadIPPluginJar : add plateformsettings
2023-05-22 19:13:06,408 [INFO] IPUIPlugin:64 - create IPUIPlugin
2023-05-22 19:13:06,409 [INFO] PluginManager:200 - loadIPPluginJar : add quadspi
2023-05-22 19:13:06,425 [INFO] IPUIPlugin:64 - create IPUIPlugin
2023-05-22 19:13:06,426 [INFO] PluginManager:200 - loadIPPluginJar : add resmgrutility
2023-05-22 19:13:06,498 [INFO] IPUIPlugin:64 - create IPUIPlugin
2023-05-22 19:13:06,498 [INFO] PluginManager:200 - loadIPPluginJar : add sai
2023-05-22 19:13:06,555 [INFO] IPUIPlugin:64 - create IPUIPlugin
2023-05-22 19:13:06,556 [INFO] PluginManager:200 - loadIPPluginJar : add spi
2023-05-22 19:13:06,624 [INFO] IPUIPlugin:64 - create IPUIPlugin
2023-05-22 19:13:06,624 [INFO] PluginManager:200 - loadIPPluginJar : add stm32_wpan
2023-05-22 19:13:06,662 [INFO] IPUIPlugin:64 - create IPUIPlugin
2023-05-22 19:13:06,663 [INFO] PluginManager:200 - loadIPPluginJar : add tim
2023-05-22 19:13:06,747 [INFO] IPUIPlugin:64 - create IPUIPlugin
2023-05-22 19:13:06,747 [INFO] PluginManager:200 - loadIPPluginJar : add touchsensing
2023-05-22 19:13:06,785 [INFO] IPUIPlugin:64 - create IPUIPlugin
2023-05-22 19:13:06,785 [INFO] PluginManager:200 - loadIPPluginJar : add tracer_emb
2023-05-22 19:13:06,830 [INFO] IPUIPlugin:64 - create IPUIPlugin
2023-05-22 19:13:06,830 [INFO] PluginManager:200 - loadIPPluginJar : add ts
2023-05-22 19:13:06,873 [INFO] IPUIPlugin:64 - create IPUIPlugin
2023-05-22 19:13:06,873 [INFO] PluginManager:200 - loadIPPluginJar : add tsc
2023-05-22 19:13:06,910 [INFO] IPUIPlugin:64 - create IPUIPlugin
2023-05-22 19:13:06,910 [INFO] PluginManager:200 - loadIPPluginJar : add ucpd
2023-05-22 19:13:06,976 [INFO] IPUIPlugin:64 - create IPUIPlugin
2023-05-22 19:13:06,977 [INFO] PluginManager:200 - loadIPPluginJar : add usart
2023-05-22 19:13:07,620 [INFO] CubeProgrammer:457 - [DDR PANEL] - PathOfProgrammer: null
2023-05-22 19:13:08,471 [FATAL] Updater:282 - Updater called before beeing initialized
2023-05-22 19:13:08,679 [FATAL] Updater:282 - Updater called before beeing initialized
2023-05-22 19:13:08,680 [WARN] ThirdParty:775 - waiting for thirdparty lock release [close project]
2023-05-22 19:13:08,680 [INFO] ThirdParty:777 - entering critical section [close project]
2023-05-22 19:13:08,681 [INFO] ThirdParty:790 - exiting critical section [close project]
2023-05-22 19:13:08,685 [INFO] PinOutPanel:1418 - setPackage(No Configuration,No Configuration)
2023-05-22 19:13:08,686 [FATAL] Updater:282 - Updater called before beeing initialized
2023-05-22 19:13:08,715 [ERROR] Updater:967 - MainUpdater not yet initialized. External WinMGr cannot be set.
2023-05-22 19:13:08,717 [INFO] CubeProgrammer:457 - [DDR PANEL] - PathOfProgrammer: C:\ST\STM32CubeIDE_1.4.0\STM32CubeIDE\plugins\com.st.stm32cube.ide.mcu.externaltools.cubeprogrammer.win32_1.4.0.202007081208\tools\bin
2023-05-22 19:13:08,723 [INFO] ProgrammerExecThread:148 - [ProgrammerAPI] CubeProgrammer command construction: C:\ST\STM32CubeIDE_1.4.0\STM32CubeIDE\plugins\com.st.stm32cube.ide.mcu.externaltools.cubeprogrammer.win32_1.4.0.202007081208\tools\bin\STM32_Programmer_CLI.exe -l
2023-05-22 19:13:09,055 [INFO] MainDdrPanel:49 - [DDR PANEL] SETTER - Set cubeProgrammerPath to: C:\ST\STM32CubeIDE_1.4.0\STM32CubeIDE\plugins\com.st.stm32cube.ide.mcu.externaltools.cubeprogrammer.win32_1.4.0.202007081208\tools\bin
2023-05-22 19:13:09,190 [INFO] Updater:904 - Updater Version found : 6.0.0
2023-05-22 19:13:09,213 [INFO] ApplicationProperties:181 - Using Application install path: C:\ST\STM32CubeIDE_1.4.0\STM32CubeIDE\plugins\com.st.stm32cube.common.mx_6.0.0.202007160824
2023-05-22 19:13:09,812 [INFO] MainUpdater:2268 - connection check result : 10
2023-05-22 19:13:09,812 [INFO] MainUpdater:2935 - Updater definition file requires update
2023-05-22 19:13:09,814 [INFO] MainUpdater:239 - Updater Check For Update Now.
2023-05-22 19:13:09,814 [INFO] MicroXplorer:414 - Change Database Version : DB.6.0.0
2023-05-22 19:13:10,022 [INFO] ServerAccessManage:348 - Download File updaters.zip
2023-05-22 19:13:10,135 [WARN] IntegrityCheckThread:61 - waiting for thirdparty lock release [integrity check]
2023-05-22 19:13:10,135 [INFO] IntegrityCheckThread:63 - entering critical section [integrity check]
2023-05-22 19:13:10,136 [WARN] MainUpdater:1087 - Updater busy. Cannot search thirdparties
2023-05-22 19:13:10,685 [INFO] FileExtend:225 - Unzip File : updaters.zip
2023-05-22 19:13:10,685 [INFO] FileExtend:240 - Standard Zip Deflate
2023-05-22 19:13:11,524 [INFO] ServerAccessManage:348 - Download File PacksControlFlags.xml
2023-05-22 19:13:11,782 [INFO] ServerAccessManage:348 - Download File cubemx.pidx
2023-05-22 19:13:12,416 [INFO] ServerAccessManage:348 - Download File STMicroelectronics.X-CUBE-AI.pdsc
2023-05-22 19:13:13,143 [WARN] MainUpdater:1087 - Updater busy. Cannot search thirdparties
2023-05-22 19:13:15,709 [INFO] ServerAccessManage:348 - Download File STMicroelectronics.X-CUBE-TOUCHGFX.pdsc
2023-05-22 19:13:16,149 [WARN] MainUpdater:1087 - Updater busy. Cannot search thirdparties
2023-05-22 19:13:19,158 [WARN] MainUpdater:1087 - Updater busy. Cannot search thirdparties
2023-05-22 19:13:20,984 [INFO] MainUpdater:2268 - connection check result : 10
2023-05-22 19:13:22,160 [WARN] MainUpdater:1087 - Updater busy. Cannot search thirdparties
2023-05-22 19:13:23,039 [INFO] CheckServerUpdateThread:102 - End of CheckServer Thread
2023-05-22 19:13:23,068 [INFO] ThirdPartyDb:299 - Save Third Party DataBase File (C:/Users/20102/.stm32cubemx/plugins/thirdparty/db/thirdparties_db.xml) [forced]
2023-05-22 19:13:23,209 [INFO] ThirdPartyDb:299 - Save Third Party DataBase File (C:/Users/20102/.stm32cubemx/plugins/thirdparty/db/thirdparties_db.xml) [forced]
2023-05-22 19:13:23,371 [INFO] PopulateThirdPartyThread:50 - Ending populate Thread
2023-05-22 19:13:23,371 [INFO] ThirdPartyDb:299 - Save Third Party DataBase File (C:/Users/20102/.stm32cubemx/plugins/thirdparty/db/thirdparties_db.xml) [forced]
2023-05-22 19:13:23,478 [INFO] Engine:289 - softwarePackList size : 74
2023-05-22 19:13:23,501 [INFO] Engine:301 - compute dependency for SwPack FP-ATR-ASTRA1 have been done, and update is requested
2023-05-22 19:13:23,543 [INFO] Engine:301 - compute dependency for SwPack X-CUBE-AI have been done, and update is requested
2023-05-22 19:13:23,573 [INFO] Engine:301 - compute dependency for SwPack X-CUBE-ALS have been done, and update is requested
2023-05-22 19:13:23,598 [INFO] Engine:301 - compute dependency for SwPack X-CUBE-BLE1 have been done, and update is requested
2023-05-22 19:13:23,616 [INFO] Engine:301 - compute dependency for SwPack X-CUBE-BLE2 have been done, and update is requested
2023-05-22 19:13:23,639 [INFO] Engine:301 - compute dependency for SwPack X-CUBE-BLEMGR have been done, and update is requested
2023-05-22 19:13:23,656 [ERROR] DependencyParser:1297 - StateRcvOpen_Cte Bad Token : )
2023-05-22 19:13:23,656 [ERROR] DependencyParser:1297 - StateRcvOpen_Cte Bad Token : )
2023-05-22 19:13:23,656 [ERROR] DependencyParser:1297 - StateRcvOpen_Cte Bad Token : )
2023-05-22 19:13:23,656 [ERROR] DependencyParser:1297 - StateRcvOpen_Cte Bad Token : )
2023-05-22 19:13:23,656 [ERROR] DependencyParser:1297 - StateRcvOpen_Cte Bad Token : )
2023-05-22 19:13:23,656 [ERROR] DependencyParser:1297 - StateRcvOpen_Cte Bad Token : )
2023-05-22 19:13:23,656 [ERROR] DependencyParser:1297 - StateRcvOpen_Cte Bad Token : )
2023-05-22 19:13:23,657 [ERROR] DependencyParser:1297 - StateRcvOpen_Cte Bad Token : )
2023-05-22 19:13:23,657 [ERROR] DependencyParser:1297 - StateRcvOpen_Cte Bad Token : )
2023-05-22 19:13:23,657 [ERROR] DependencyParser:1297 - StateRcvOpen_Cte Bad Token : )
2023-05-22 19:13:23,657 [ERROR] DependencyParser:1297 - StateRcvOpen_Cte Bad Token : )
2023-05-22 19:13:23,657 [ERROR] DependencyParser:1297 - StateRcvOpen_Cte Bad Token : )
2023-05-22 19:13:23,657 [ERROR] DependencyParser:1297 - StateRcvOpen_Cte Bad Token : )
2023-05-22 19:13:23,657 [ERROR] DependencyParser:1297 - StateRcvOpen_Cte Bad Token : )
2023-05-22 19:13:23,658 [ERROR] DependencyParser:1297 - StateRcvOpen_Cte Bad Token : )
2023-05-22 19:13:23,658 [ERROR] DependencyParser:1297 - StateRcvOpen_Cte Bad Token : )
2023-05-22 19:13:23,658 [ERROR] DependencyParser:1297 - StateRcvOpen_Cte Bad Token : )
2023-05-22 19:13:23,658 [INFO] Engine:305 - compute dependency for SwPack X-CUBE-DISPLAY have been done, no update is requested
2023-05-22 19:13:23,664 [INFO] Engine:301 - compute dependency for SwPack X-CUBE-EEPRMA1 have been done, and update is requested
2023-05-22 19:13:23,683 [INFO] Engine:301 - compute dependency for SwPack X-CUBE-GNSS1 have been done, and update is requested
2023-05-22 19:13:23,701 [INFO] Engine:301 - compute dependency for SwPack X-CUBE-ISPU have been done, and update is requested
2023-05-22 19:13:23,730 [INFO] ServerAccessManage:348 - Download File mcusDocs.json._tmp_
2023-05-22 19:13:23,936 [INFO] LoadUrlFilesThread:135 - End of LoadUrlFiles Thread
2023-05-22 19:13:24,043 [INFO] ServerAccessManage:348 - Download File mcusFeaturesAndDescription.json._tmp_
2023-05-22 19:13:25,024 [INFO] Engine:301 - compute dependency for SwPack X-CUBE-MEMS1 have been done, and update is requested
2023-05-22 19:13:25,082 [INFO] Engine:301 - compute dependency for SwPack X-CUBE-NFC4 have been done, and update is requested
2023-05-22 19:13:25,125 [INFO] Engine:301 - compute dependency for SwPack X-CUBE-NFC7 have been done, and update is requested
2023-05-22 19:13:25,166 [WARN] MainUpdater:1087 - Updater busy. Cannot search thirdparties
2023-05-22 19:13:25,176 [INFO] Engine:301 - compute dependency for SwPack X-CUBE-SFXS2LP1 have been done, and update is requested
2023-05-22 19:13:25,237 [INFO] Engine:301 - compute dependency for SwPack X-CUBE-SUBG2 have been done, and update is requested
2023-05-22 19:13:25,289 [INFO] Engine:301 - compute dependency for SwPack X-CUBE-TOF1 have been done, and update is requested
2023-05-22 19:13:25,316 [INFO] Engine:305 - compute dependency for SwPack X-CUBE-TOUCHGFX have been done, no update is requested
2023-05-22 19:13:25,321 [INFO] Engine:301 - compute dependency for SwPack X-CUBE-ALGOBUILD have been done, and update is requested
2023-05-22 19:13:25,344 [INFO] Engine:301 - compute dependency for SwPack X-CUBE-AZRTOS-H7 have been done, and update is requested
2023-05-22 19:13:25,366 [INFO] Engine:301 - compute dependency for SwPack X-CUBE-AZRTOS-F4 have been done, and update is requested
2023-05-22 19:13:25,388 [INFO] Engine:301 - compute dependency for SwPack X-CUBE-AZRTOS-F7 have been done, and update is requested
2023-05-22 19:13:25,409 [INFO] Engine:301 - compute dependency for SwPack X-CUBE-AZRTOS-L4 have been done, and update is requested
2023-05-22 19:13:25,422 [ERROR] DependencyParser:1297 - StateRcvOpen_Cte Bad Token : )
2023-05-22 19:13:25,422 [ERROR] DependencyParser:1297 - StateRcvOpen_Cte Bad Token : )
2023-05-22 19:13:25,422 [ERROR] DependencyParser:1297 - StateRcvOpen_Cte Bad Token : )
2023-05-22 19:13:25,422 [ERROR] DependencyParser:1297 - StateRcvOpen_Cte Bad Token : )
2023-05-22 19:13:25,423 [ERROR] DependencyParser:1297 - StateRcvOpen_Cte Bad Token : )
2023-05-22 19:13:25,423 [ERROR] DependencyParser:1297 - StateRcvOpen_Cte Bad Token : )
2023-05-22 19:13:25,423 [ERROR] DependencyParser:1297 - StateRcvOpen_Cte Bad Token : )
2023-05-22 19:13:25,423 [ERROR] DependencyParser:1297 - StateRcvOpen_Cte Bad Token : )
2023-05-22 19:13:25,423 [ERROR] DependencyParser:1297 - StateRcvOpen_Cte Bad Token : )
2023-05-22 19:13:25,423 [ERROR] DependencyParser:1297 - StateRcvOpen_Cte Bad Token : )
2023-05-22 19:13:25,423 [ERROR] DependencyParser:1297 - StateRcvOpen_Cte Bad Token : )
2023-05-22 19:13:25,423 [ERROR] DependencyParser:1297 - StateRcvOpen_Cte Bad Token : )
2023-05-22 19:13:25,423 [ERROR] DependencyParser:1297 - StateRcvOpen_Cte Bad Token : )
2023-05-22 19:13:25,423 [ERROR] DependencyParser:1297 - StateRcvOpen_Cte Bad Token : )
2023-05-22 19:13:25,423 [ERROR] DependencyParser:1297 - StateRcvOpen_Cte Bad Token : )
2023-05-22 19:13:25,423 [ERROR] DependencyParser:1297 - StateRcvOpen_Cte Bad Token : )
2023-05-22 19:13:25,423 [ERROR] DependencyParser:1297 - StateRcvOpen_Cte Bad Token : )
2023-05-22 19:13:25,424 [ERROR] DependencyParser:1297 - StateRcvOpen_Cte Bad Token : )
2023-05-22 19:13:25,424 [ERROR] DependencyParser:1297 - StateRcvOpen_Cte Bad Token : )
2023-05-22 19:13:25,424 [ERROR] DependencyParser:1297 - StateRcvOpen_Cte Bad Token : )
2023-05-22 19:13:25,424 [ERROR] DependencyParser:1297 - StateRcvOpen_Cte Bad Token : )
2023-05-22 19:13:25,424 [ERROR] DependencyParser:1297 - StateRcvOpen_Cte Bad Token : )
2023-05-22 19:13:25,424 [ERROR] DependencyParser:1297 - StateRcvOpen_Cte Bad Token : )
2023-05-22 19:13:25,424 [ERROR] DependencyParser:1297 - StateRcvOpen_Cte Bad Token : )
2023-05-22 19:13:25,424 [ERROR] DependencyParser:1297 - StateRcvOpen_Cte Bad Token : )
2023-05-22 19:13:25,424 [ERROR] DependencyParser:1297 - StateRcvOpen_Cte Bad Token : )
2023-05-22 19:13:25,424 [ERROR] DependencyParser:1297 - StateRcvOpen_Cte Bad Token : )
2023-05-22 19:13:25,424 [ERROR] DependencyParser:1297 - StateRcvOpen_Cte Bad Token : )
2023-05-22 19:13:25,424 [ERROR] DependencyParser:1297 - StateRcvOpen_Cte Bad Token : )
2023-05-22 19:13:25,425 [ERROR] DependencyParser:1297 - StateRcvOpen_Cte Bad Token : )
2023-05-22 19:13:25,425 [ERROR] DependencyParser:1297 - StateRcvOpen_Cte Bad Token : )
2023-05-22 19:13:25,425 [ERROR] DependencyParser:1297 - StateRcvOpen_Cte Bad Token : )
2023-05-22 19:13:25,425 [ERROR] DependencyParser:1297 - StateRcvOpen_Cte Bad Token : )
2023-05-22 19:13:25,425 [ERROR] DependencyParser:1297 - StateRcvOpen_Cte Bad Token : )
2023-05-22 19:13:25,425 [ERROR] DependencyParser:1297 - StateRcvOpen_Cte Bad Token : )
2023-05-22 19:13:25,425 [ERROR] DependencyParser:1297 - StateRcvOpen_Cte Bad Token : )
2023-05-22 19:13:25,425 [ERROR] DependencyParser:1297 - StateRcvOpen_Cte Bad Token : )
2023-05-22 19:13:25,426 [ERROR] DependencyParser:1297 - StateRcvOpen_Cte Bad Token : )
2023-05-22 19:13:25,426 [ERROR] DependencyParser:1297 - StateRcvOpen_Cte Bad Token : )
2023-05-22 19:13:25,426 [ERROR] DependencyParser:1297 - StateRcvOpen_Cte Bad Token : )
2023-05-22 19:13:25,426 [ERROR] DependencyParser:1297 - StateRcvOpen_Cte Bad Token : )
2023-05-22 19:13:25,426 [ERROR] DependencyParser:1297 - StateRcvOpen_Cte Bad Token : )
2023-05-22 19:13:25,426 [ERROR] DependencyParser:1297 - StateRcvOpen_Cte Bad Token : )
2023-05-22 19:13:25,426 [ERROR] DependencyParser:1297 - StateRcvOpen_Cte Bad Token : )
2023-05-22 19:13:25,426 [ERROR] DependencyParser:1297 - StateRcvOpen_Cte Bad Token : )
2023-05-22 19:13:25,426 [ERROR] DependencyParser:1297 - StateRcvOpen_Cte Bad Token : )
2023-05-22 19:13:25,426 [INFO] Engine:305 - compute dependency for SwPack X-CUBE-AZRTOS-L5 have been done, no update is requested
2023-05-22 19:13:25,433 [INFO] Engine:301 - compute dependency for SwPack X-CUBE-AZRTOS-G0 have been done, and update is requested
2023-05-22 19:13:25,452 [INFO] Engine:301 - compute dependency for SwPack X-CUBE-AZRTOS-G4 have been done, and update is requested
2023-05-22 19:13:25,503 [INFO] Engine:301 - compute dependency for SwPack X-CUBE-AZRTOS-WL have been done, and update is requested
2023-05-22 19:13:25,544 [INFO] Engine:301 - compute dependency for SwPack I-CUBE-wolfSSL have been done, and update is requested
2023-05-22 19:13:25,575 [INFO] Engine:305 - compute dependency for SwPack I-CUBE-UNISONRTOS have been done, no update is requested
2023-05-22 19:13:25,868 [INFO] Engine:301 - compute dependency for SwPack I-CUBE-embOS have been done, and update is requested
2023-05-22 19:13:25,882 [INFO] Engine:301 - compute dependency for SwPack I-Cube-SoM-uGOAL have been done, and update is requested
2023-05-22 19:13:25,902 [INFO] Engine:301 - compute dependency for SwPack I-CUBE-CANOPEN have been done, and update is requested
2023-05-22 19:13:25,924 [INFO] Engine:305 - compute dependency for SwPack FreeRTOS have been done, no update is requested
2023-05-22 19:13:25,924 [INFO] Engine:305 - compute dependency for SwPack lwIP have been done, no update is requested
2023-05-22 19:13:25,924 [INFO] Engine:305 - compute dependency for SwPack lwIP have been done, no update is requested
2023-05-22 19:13:25,924 [INFO] Engine:305 - compute dependency for SwPack MBEDTLS have been done, no update is requested
2023-05-22 19:13:25,925 [INFO] Engine:305 - compute dependency for SwPack MBEDTLS have been done, no update is requested
2023-05-22 19:13:25,925 [INFO] Engine:305 - compute dependency for SwPack PDM2PCM have been done, no update is requested
2023-05-22 19:13:25,925 [INFO] Engine:305 - compute dependency for SwPack PDM2PCM have been done, no update is requested
2023-05-22 19:13:25,925 [INFO] Engine:305 - compute dependency for SwPack PDM2PCM have been done, no update is requested
2023-05-22 19:13:25,927 [INFO] Engine:305 - compute dependency for SwPack USB_DEVICE have been done, no update is requested
2023-05-22 19:13:25,927 [INFO] Engine:305 - compute dependency for SwPack USB_DEVICE have been done, no update is requested
2023-05-22 19:13:25,927 [INFO] Engine:305 - compute dependency for SwPack USB_DEVICE have been done, no update is requested
2023-05-22 19:13:25,929 [INFO] Engine:305 - compute dependency for SwPack USB_HOST have been done, no update is requested
2023-05-22 19:13:25,929 [INFO] Engine:305 - compute dependency for SwPack USB_HOST have been done, no update is requested
2023-05-22 19:13:25,931 [INFO] Engine:301 - compute dependency for SwPack FP-ATR-ASTRA1 have been done, and update is requested
2023-05-22 19:13:25,955 [INFO] Engine:301 - compute dependency for SwPack FP-ATR-SIGFOX1 have been done, and update is requested
2023-05-22 19:13:25,981 [INFO] Engine:301 - compute dependency for SwPack X-CUBE-AI have been done, and update is requested
2023-05-22 19:13:26,023 [INFO] Engine:301 - compute dependency for SwPack X-CUBE-BLEMGR have been done, and update is requested
2023-05-22 19:13:26,139 [INFO] Engine:301 - compute dependency for SwPack X-CUBE-TOF1 have been done, and update is requested
2023-05-22 19:13:26,170 [INFO] Engine:301 - compute dependency for SwPack X-CUBE-BLE1 have been done, and update is requested
2023-05-22 19:13:26,208 [INFO] Engine:301 - compute dependency for SwPack X-CUBE-BLEMGR have been done, and update is requested
2023-05-22 19:13:26,228 [INFO] Engine:301 - compute dependency for SwPack X-CUBE-ISPU have been done, and update is requested
2023-05-22 19:13:27,535 [INFO] LoadUrlFilesThread:135 - End of LoadUrlFiles Thread
2023-05-22 19:13:27,578 [INFO] Engine:301 - compute dependency for SwPack X-CUBE-MEMS1 have been done, and update is requested
2023-05-22 19:13:27,601 [INFO] Engine:301 - compute dependency for SwPack X-CUBE-NFC4 have been done, and update is requested
2023-05-22 19:13:27,614 [ERROR] DependencyParser:1297 - StateRcvOpen_Cte Bad Token : )
2023-05-22 19:13:27,614 [ERROR] DependencyParser:1297 - StateRcvOpen_Cte Bad Token : )
2023-05-22 19:13:27,614 [ERROR] DependencyParser:1297 - StateRcvOpen_Cte Bad Token : )
2023-05-22 19:13:27,614 [ERROR] DependencyParser:1297 - StateRcvOpen_Cte Bad Token : )
2023-05-22 19:13:27,614 [ERROR] DependencyParser:1297 - StateRcvOpen_Cte Bad Token : )
2023-05-22 19:13:27,614 [ERROR] DependencyParser:1297 - StateRcvOpen_Cte Bad Token : )
2023-05-22 19:13:27,614 [ERROR] DependencyParser:1297 - StateRcvOpen_Cte Bad Token : )
2023-05-22 19:13:27,614 [ERROR] DependencyParser:1297 - StateRcvOpen_Cte Bad Token : )
2023-05-22 19:13:27,614 [ERROR] DependencyParser:1297 - StateRcvOpen_Cte Bad Token : )
2023-05-22 19:13:27,614 [ERROR] DependencyParser:1297 - StateRcvOpen_Cte Bad Token : )
2023-05-22 19:13:27,614 [ERROR] DependencyParser:1297 - StateRcvOpen_Cte Bad Token : )
2023-05-22 19:13:27,614 [ERROR] DependencyParser:1297 - StateRcvOpen_Cte Bad Token : )
2023-05-22 19:13:27,614 [ERROR] DependencyParser:1297 - StateRcvOpen_Cte Bad Token : )
2023-05-22 19:13:27,614 [ERROR] DependencyParser:1297 - StateRcvOpen_Cte Bad Token : )
2023-05-22 19:13:27,614 [ERROR] DependencyParser:1297 - StateRcvOpen_Cte Bad Token : )
2023-05-22 19:13:27,614 [ERROR] DependencyParser:1297 - StateRcvOpen_Cte Bad Token : )
2023-05-22 19:13:27,614 [ERROR] DependencyParser:1297 - StateRcvOpen_Cte Bad Token : )
2023-05-22 19:13:27,614 [ERROR] DependencyParser:1297 - StateRcvOpen_Cte Bad Token : )
2023-05-22 19:13:27,615 [ERROR] DependencyParser:1297 - StateRcvOpen_Cte Bad Token : )
2023-05-22 19:13:27,615 [ERROR] DependencyParser:1297 - StateRcvOpen_Cte Bad Token : )
2023-05-22 19:13:27,615 [ERROR] DependencyParser:1297 - StateRcvOpen_Cte Bad Token : )
2023-05-22 19:13:27,615 [ERROR] DependencyParser:1297 - StateRcvOpen_Cte Bad Token : )
2023-05-22 19:13:27,615 [ERROR] DependencyParser:1297 - StateRcvOpen_Cte Bad Token : )
2023-05-22 19:13:27,615 [ERROR] DependencyParser:1297 - StateRcvOpen_Cte Bad Token : )
2023-05-22 19:13:27,615 [ERROR] DependencyParser:1297 - StateRcvOpen_Cte Bad Token : )
2023-05-22 19:13:27,615 [ERROR] DependencyParser:1297 - StateRcvOpen_Cte Bad Token : )
2023-05-22 19:13:27,615 [ERROR] DependencyParser:1297 - StateRcvOpen_Cte Bad Token : )
2023-05-22 19:13:27,615 [ERROR] DependencyParser:1297 - StateRcvOpen_Cte Bad Token : )
2023-05-22 19:13:27,615 [ERROR] DependencyParser:1297 - StateRcvOpen_Cte Bad Token : )
2023-05-22 19:13:27,615 [ERROR] DependencyParser:1297 - StateRcvOpen_Cte Bad Token : )
2023-05-22 19:13:27,615 [ERROR] DependencyParser:1297 - StateRcvOpen_Cte Bad Token : )
2023-05-22 19:13:27,615 [ERROR] DependencyParser:1297 - StateRcvOpen_Cte Bad Token : )
2023-05-22 19:13:27,615 [ERROR] DependencyParser:1297 - StateRcvOpen_Cte Bad Token : )
2023-05-22 19:13:27,615 [ERROR] DependencyParser:1297 - StateRcvOpen_Cte Bad Token : )
2023-05-22 19:13:27,615 [ERROR] DependencyParser:1297 - StateRcvOpen_Cte Bad Token : )
2023-05-22 19:13:27,615 [ERROR] DependencyParser:1297 - StateRcvOpen_Cte Bad Token : )
2023-05-22 19:13:27,615 [ERROR] DependencyParser:1297 - StateRcvOpen_Cte Bad Token : )
2023-05-22 19:13:27,615 [ERROR] DependencyParser:1297 - StateRcvOpen_Cte Bad Token : )
2023-05-22 19:13:27,615 [ERROR] DependencyParser:1297 - StateRcvOpen_Cte Bad Token : )
2023-05-22 19:13:27,616 [ERROR] DependencyParser:1297 - StateRcvOpen_Cte Bad Token : )
2023-05-22 19:13:27,616 [ERROR] DependencyParser:1297 - StateRcvOpen_Cte Bad Token : )
2023-05-22 19:13:27,616 [ERROR] DependencyParser:1297 - StateRcvOpen_Cte Bad Token : )
2023-05-22 19:13:27,616 [ERROR] DependencyParser:1297 - StateRcvOpen_Cte Bad Token : )
2023-05-22 19:13:27,616 [ERROR] DependencyParser:1297 - StateRcvOpen_Cte Bad Token : )
2023-05-22 19:13:27,616 [ERROR] DependencyParser:1297 - StateRcvOpen_Cte Bad Token : )
2023-05-22 19:13:27,616 [ERROR] DependencyParser:1297 - StateRcvOpen_Cte Bad Token : )
2023-05-22 19:13:27,616 [INFO] Engine:305 - compute dependency for SwPack X-CUBE-AZRTOS-L5 have been done, no update is requested
2023-05-22 19:13:27,621 [INFO] Engine:301 - compute dependency for SwPack X-CUBE-AZRTOS-WB have been done, and update is requested
2023-05-22 19:13:27,645 [INFO] Engine:301 - compute dependency for SwPack X-CUBE-AZRTOS-H7 have been done, and update is requested
2023-05-22 19:13:27,669 [INFO] Engine:301 - compute dependency for SwPack X-CUBE-EEPRMA1 have been done, and update is requested
2023-05-22 19:13:27,669 [INFO] ServerAccessManage:348 - Download File boardsDocs.json._tmp_
2023-05-22 19:13:27,684 [INFO] Engine:305 - compute dependency for SwPack X-CUBE-TOUCHGFX have been done, no update is requested
2023-05-22 19:13:27,691 [INFO] Engine:301 - compute dependency for SwPack X-CUBE-NFC4 have been done, and update is requested
2023-05-22 19:13:27,704 [INFO] Engine:305 - compute dependency for SwPack X-CUBE-TOUCHGFX have been done, no update is requested
2023-05-22 19:13:27,800 [INFO] LoadUrlFilesThread:135 - End of LoadUrlFiles Thread
2023-05-22 19:13:27,918 [INFO] ServerAccessManage:348 - Download File boards.json._tmp_
2023-05-22 19:13:28,101 [INFO] LoadUrlFilesThread:135 - End of LoadUrlFiles Thread
2023-05-22 19:13:28,167 [WARN] MainUpdater:1087 - Updater busy. Cannot search thirdparties
2023-05-22 19:13:28,699 [INFO] ServerAccessManage:348 - Download File cube-finder-db.zip
2023-05-22 19:13:29,434 [INFO] Engine:301 - compute dependency for SwPack X-CUBE-MEMS1 have been done, and update is requested
2023-05-22 19:13:29,455 [INFO] Engine:301 - compute dependency for SwPack X-CUBE-AI have been done, and update is requested
2023-05-22 19:13:29,481 [INFO] Engine:301 - compute dependency for SwPack X-CUBE-BLEMGR have been done, and update is requested
2023-05-22 19:13:29,844 [INFO] Engine:301 - compute dependency for SwPack I-CUBE-embOS have been done, and update is requested
2023-05-22 19:13:29,863 [INFO] Engine:301 - compute dependency for SwPack I-CUBE-Cesium have been done, and update is requested
2023-05-22 19:13:29,954 [INFO] Engine:301 - compute dependency for SwPack X-CUBE-TOF1 have been done, and update is requested
2023-05-22 19:13:29,967 [INFO] Engine:305 - compute dependency for SwPack X-CUBE-TOUCHGFX have been done, no update is requested
2023-05-22 19:13:29,969 [INFO] Engine:301 - compute dependency for SwPack FP-ATR-ASTRA1 have been done, and update is requested
2023-05-22 19:13:31,182 [WARN] MainUpdater:1087 - Updater busy. Cannot search thirdparties
2023-05-22 19:13:31,744 [INFO] Engine:301 - compute dependency for SwPack X-CUBE-MEMS1 have been done, and update is requested
2023-05-22 19:13:31,791 [INFO] Engine:301 - compute dependency for SwPack X-CUBE-AZRTOS-H7 have been done, and update is requested
2023-05-22 19:13:31,826 [INFO] Engine:301 - compute dependency for SwPack X-CUBE-AZRTOS-G4 have been done, and update is requested
2023-05-22 19:13:31,846 [INFO] Engine:301 - compute dependency for SwPack X-CUBE-AI have been done, and update is requested
2023-05-22 19:13:31,864 [INFO] Engine:305 - compute dependency for SwPack X-CUBE-TOUCHGFX have been done, no update is requested
2023-05-22 19:13:31,864 [INFO] ThirdPartyDb:299 - Save Third Party DataBase File (C:/Users/20102/.stm32cubemx/plugins/thirdparty/db/thirdparties_db.xml) [forced]
2023-05-22 19:13:31,905 [INFO] LoadServerUpdatesThread:309 - End of LoadServerUpdate Thread
2023-05-22 19:13:34,195 [WARN] MainUpdater:1087 - Updater busy. Cannot search thirdparties
2023-05-22 19:13:37,206 [WARN] MainUpdater:1087 - Updater busy. Cannot search thirdparties
2023-05-22 19:13:37,424 [INFO] RetryExec:97 - I/O exception (org.apache.http.NoHttpResponseException) caught when processing request to {s}->https://download.eclipse.org:443: The target server failed to respond
2023-05-22 19:13:37,426 [INFO] RetryExec:113 - Retrying request to {s}->https://download.eclipse.org:443
2023-05-22 19:13:38,666 [INFO] RetryExec:97 - I/O exception (org.apache.http.NoHttpResponseException) caught when processing request to {s}->https://archive.eclipse.org:443: The target server failed to respond
2023-05-22 19:13:38,666 [INFO] RetryExec:113 - Retrying request to {s}->https://archive.eclipse.org:443
2023-05-22 19:13:39,597 [INFO] RetryExec:97 - I/O exception (java.net.SocketException) caught when processing request to {s}->https://download.eclipse.org:443: Connection reset
2023-05-22 19:13:39,598 [INFO] RetryExec:113 - Retrying request to {s}->https://download.eclipse.org:443
2023-05-22 19:13:40,221 [WARN] MainUpdater:1087 - Updater busy. Cannot search thirdparties
2023-05-22 19:13:43,228 [WARN] MainUpdater:1087 - Updater busy. Cannot search thirdparties
2023-05-22 19:13:46,240 [WARN] MainUpdater:1087 - Updater busy. Cannot search thirdparties
2023-05-22 19:13:49,252 [WARN] MainUpdater:1087 - Updater busy. Cannot search thirdparties
2023-05-22 19:13:50,362 [INFO] FileExtend:225 - Unzip File : cube-finder-db.zip
2023-05-22 19:13:50,364 [INFO] FileExtend:240 - Standard Zip Deflate
2023-05-22 19:13:51,302 [INFO] LoadUrlFilesThread:135 - End of LoadUrlFiles Thread
2023-05-22 19:13:52,268 [ERROR] WebUtils:615 - Updater is busy
2023-05-22 19:13:52,268 [ERROR] WebUtils:615 - Updater is busy
2023-05-22 19:13:52,292 [INFO] DbMcusDocs:145 - JSON generation date=Tue Nov 16 18:17:54 EET 2021 (1637079474)
2023-05-22 19:13:52,293 [INFO] DbMcusXml:100 - Load MCU database from C:\ST\STM32CubeIDE_1.4.0\STM32CubeIDE\plugins\com.st.stm32cube.common.mx_6.0.0.202007160824\\db\/mcu/families.xml
2023-05-22 19:13:53,188 [INFO] DbMcusJson:92 - JSON generation date=Tue Nov 16 18:17:54 EET 2021 (1637079474)
2023-05-22 19:13:53,470 [INFO] ThirdPartyDb:299 - Save Third Party DataBase File (C:/Users/20102/.stm32cubemx/plugins/thirdparty/db/thirdparties_db.xml) [forced]
2023-05-22 19:13:53,520 [INFO] ThirdPartyDb:299 - Save Third Party DataBase File (C:/Users/20102/.stm32cubemx/plugins/thirdparty/db/thirdparties_db.xml) [forced]
2023-05-22 19:13:53,674 [INFO] IntegrityCheckThread:76 - exiting critical section [integrity check]
2023-05-22 19:13:53,674 [INFO] IntegrityCheckThread:79 - End integrity checks thread
2023-05-22 19:13:53,866 [INFO] DbMcus:175 - Found 1761 MCUs (1722 are supported by CubeMX, 1911 are visible in CubeMX)
2023-05-22 19:13:53,866 [INFO] ApiDb:201 - Load user favorites file C:\Users\20102/.stm32cubemx/favorites.mcus.txt: 0 item(s)
2023-05-22 19:13:53,867 [INFO] ApiDb:205 - User favorites MCUs=[]
2023-05-22 19:13:53,867 [INFO] DbMcus:187 - Set 0 / 0 favorites MCUs
2023-05-22 19:13:54,312 [INFO] DbMcusDocs:81 - Found 682 MCUs documents
2023-05-22 19:13:54,314 [INFO] ApiDb:226 - Save user favorites file C:\Users\20102/.stm32cubemx/favorites.mcus.txt: 0 item(s)
2023-05-22 19:13:54,314 [INFO] ApiDb:230 - User favorites MCUs=[]
2023-05-22 19:13:54,314 [INFO] DbMcusXml:100 - Load MCU database from C:\ST\STM32CubeIDE_1.4.0\STM32CubeIDE\plugins\com.st.stm32cube.common.mx_6.0.0.202007160824\\db\/mcu/families.xml
2023-05-22 19:13:54,878 [INFO] DbMcusJson:92 - JSON generation date=Tue Nov 16 18:17:54 EET 2021 (1637079474)
2023-05-22 19:13:55,327 [INFO] DbMcus:175 - Found 1761 MCUs (1722 are supported by CubeMX, 1911 are visible in CubeMX)
2023-05-22 19:13:55,328 [INFO] ApiDb:201 - Load user favorites file C:\Users\20102/.stm32cubemx/favorites.mcus.txt: 0 item(s)
2023-05-22 19:13:55,328 [INFO] ApiDb:205 - User favorites MCUs=[]
2023-05-22 19:13:55,328 [INFO] DbMcus:187 - Set 0 / 0 favorites MCUs
2023-05-22 19:13:55,335 [INFO] DbBoardsDocs:145 - JSON generation date=Tue Nov 16 18:17:54 EET 2021 (1637079474)
2023-05-22 19:13:55,354 [INFO] DbBoardsPdsc:94 - Found 23 items
2023-05-22 19:13:55,365 [INFO] DbBoardsPdsc:94 - Found 9 items
2023-05-22 19:13:55,378 [INFO] DbBoardsPdsc:94 - Found 29 items
2023-05-22 19:13:55,387 [INFO] DbBoardsPdsc:94 - Found 1 items
2023-05-22 19:13:55,402 [INFO] DbBoardsPdsc:94 - Found 44 items
2023-05-22 19:13:55,417 [INFO] DbBoardsPdsc:94 - Found 40 items
2023-05-22 19:13:55,427 [INFO] DbBoardsPdsc:94 - Found 2 items
2023-05-22 19:13:55,437 [INFO] DbBoardsPdsc:94 - Found 4 items
2023-05-22 19:13:55,443 [WARN] DbBoardsPdsc:258 - Board STM32H7B3I-DK: unknown feature type=Audio, name=, username=Audio stereo codec with Headphone Amp (CS42L51-CNZ), n=1
2023-05-22 19:13:55,443 [WARN] DbBoardsPdsc:258 - Board STM32H735G-DK: unknown feature type=Audio, name=, username=Audio stereo codec with Headphone Amp (WM8994ECS/R), n=1
2023-05-22 19:13:55,446 [WARN] DbBoardsPdsc:258 - Board STM32H7B3I-EVAL: unknown feature type=Audio, name=, username=Multi-Channel Audio Codec (CS42L51-CNZ), n=1
2023-05-22 19:13:55,446 [WARN] DbBoardsPdsc:258 - Board STM32H7B3I-EVAL: unknown feature type=Meter, name=, username=Power-metering and Temperature-monitoring with sigma-delta modulators, n=1
2023-05-22 19:13:55,446 [WARN] DbBoardsPdsc:258 - Board STM32H7B3I-EVAL: unknown feature type=Motor, name=, username=Motor Control, n=1
2023-05-22 19:13:55,476 [INFO] DbBoardsJson:85 - JSON generation date=Tue Nov 16 18:17:54 EET 2021 (1637079474)
2023-05-22 19:13:55,484 [INFO] DbBoards:117 - Found 166 boards (149 are supported by CubeMX)
2023-05-22 19:13:55,486 [INFO] DbBoardsDocs:145 - JSON generation date=Tue Nov 16 18:17:54 EET 2021 (1637079474)
2023-05-22 19:13:55,491 [INFO] DbBoardsDocs:81 - Found 209 boards documents
2023-05-22 19:13:55,493 [WARN] DbBoards:127 - board B-L475E-IOT01A2 has no document id list !
2023-05-22 19:13:55,494 [WARN] DbBoards:127 - board NUCLEO-H743ZI has no document id list !
2023-05-22 19:13:55,496 [WARN] DbBoards:127 - board P-NUCLEO-WB55-Nucleo has no document id list !
2023-05-22 19:13:55,496 [WARN] DbBoards:127 - board P-NUCLEO-WB55-USBDongle has no document id list !
2023-05-22 19:13:55,496 [WARN] DbBoards:127 - board STEVAL-BFA001V1B has no document id list !
2023-05-22 19:13:55,496 [WARN] DbBoards:127 - board STEVAL-BFA001V2B has no document id list !
2023-05-22 19:13:55,496 [WARN] DbBoards:127 - board STEVAL-IDP005V1 has no document id list !
2023-05-22 19:13:55,496 [WARN] DbBoards:127 - board STEVAL-IDP005V2 has no document id list !
2023-05-22 19:13:55,496 [WARN] DbBoards:127 - board STEVAL-MKSBOX1V1 has no document id list !
2023-05-22 19:13:55,496 [WARN] DbBoards:127 - board STEVAL-STWINKT1 has no document id list !
2023-05-22 19:13:55,496 [WARN] DbBoards:127 - board STEVAL-STWINKT1B has no document id list !
2023-05-22 19:13:55,497 [WARN] DbBoards:127 - board STM32439I-EVAL2 has no document id list !
2023-05-22 19:13:55,497 [WARN] DbBoards:127 - board STM32F401C-DISCO has no document id list !
2023-05-22 19:13:55,498 [WARN] DbBoards:127 - board STM32F769I-DISC1 has no document id list !
2023-05-22 19:13:55,498 [WARN] DbBoards:127 - board STM32G474E-EVAL1 has no document id list !
2023-05-22 19:13:55,498 [WARN] DbBoards:127 - board STM32H743I-EVAL2 has no document id list !
2023-05-22 19:13:55,498 [WARN] DbBoards:127 - board STM32H747I-DISC1 has no document id list !
2023-05-22 19:13:55,499 [WARN] DbBoards:127 - board STM32H753I-EVAL2 has no document id list !
2023-05-22 19:13:55,499 [WARN] DbBoards:127 - board STM32L-DISCOVERY has no document id list !
2023-05-22 19:13:55,598 [ERROR] DbBoards:189 - Image file not found for board B-L462E-CELL1: C:\ST\STM32CubeIDE_1.4.0\STM32CubeIDE\plugins\com.st.stm32cube.common.mx_6.0.0.202007160824\\db\/plugins/mcufinder/images/boards/B-L462E-CELL1_small.jpg
2023-05-22 19:13:55,642 [ERROR] DbBoards:189 - Image file not found for board B-U585I-IOT02A: C:\ST\STM32CubeIDE_1.4.0\STM32CubeIDE\plugins\com.st.stm32cube.common.mx_6.0.0.202007160824\\db\/plugins/mcufinder/images/boards/B-U585I-IOT02A_small.jpg
2023-05-22 19:13:55,755 [ERROR] DbBoards:189 - Image file not found for board NUCLEO-F413ZH: C:\ST\STM32CubeIDE_1.4.0\STM32CubeIDE\plugins\com.st.stm32cube.common.mx_6.0.0.202007160824\\db\/plugins/mcufinder/images/boards/nucleo-f413zh_small.jpg
2023-05-22 19:13:55,916 [ERROR] DbBoards:189 - Image file not found for board NUCLEO-L552ZE-Q: C:\ST\STM32CubeIDE_1.4.0\STM32CubeIDE\plugins\com.st.stm32cube.common.mx_6.0.0.202007160824\\db\/plugins/mcufinder/images/boards/nucleo_l552ze_q_small.jpg
2023-05-22 19:13:55,916 [ERROR] DbBoards:189 - Image file not found for board NUCLEO-U575ZI-Q: C:\ST\STM32CubeIDE_1.4.0\STM32CubeIDE\plugins\com.st.stm32cube.common.mx_6.0.0.202007160824\\db\/plugins/mcufinder/images/boards/nucleo-u575zi-q_small.jpg
2023-05-22 19:13:55,917 [ERROR] DbBoards:189 - Image file not found for board NUCLEO-WB15CC: C:\ST\STM32CubeIDE_1.4.0\STM32CubeIDE\plugins\com.st.stm32cube.common.mx_6.0.0.202007160824\\db\/plugins/mcufinder/images/boards/nucleo-wb15cc_small.jpg
2023-05-22 19:13:55,917 [ERROR] DbBoards:189 - Image file not found for board NUCLEO-WB55RG: C:\ST\STM32CubeIDE_1.4.0\STM32CubeIDE\plugins\com.st.stm32cube.common.mx_6.0.0.202007160824\\db\/plugins/mcufinder/images/boards/nucleo-wb55rg_small.jpg
2023-05-22 19:13:55,917 [ERROR] DbBoards:189 - Image file not found for board NUCLEO-WL55JC: C:\ST\STM32CubeIDE_1.4.0\STM32CubeIDE\plugins\com.st.stm32cube.common.mx_6.0.0.202007160824\\db\/plugins/mcufinder/images/boards/nucleo-wl55jc-small.jpg
2023-05-22 19:13:56,105 [ERROR] DbBoards:189 - Image file not found for board STEVAL-STWINKT1B: C:\ST\STM32CubeIDE_1.4.0\STM32CubeIDE\plugins\com.st.stm32cube.common.mx_6.0.0.202007160824\\db\/plugins/mcufinder/images/boards/steval-stwinkt1b_small.jpg
2023-05-22 19:13:56,496 [ERROR] DbBoards:189 - Image file not found for board STM32G0C1E-EV: C:\ST\STM32CubeIDE_1.4.0\STM32CubeIDE\plugins\com.st.stm32cube.common.mx_6.0.0.202007160824\\db\/plugins/mcufinder/images/boards/stm32g0c1e-eval_small.jpg
2023-05-22 19:13:56,593 [ERROR] DbBoards:189 - Image file not found for board STM32H7B3I-EVAL: C:\ST\STM32CubeIDE_1.4.0\STM32CubeIDE\plugins\com.st.stm32cube.common.mx_6.0.0.202007160824\\db\/plugins/mcufinder/images/boards/stm32h7b3ieval_small.jpg
2023-05-22 19:13:56,812 [ERROR] DbBoards:189 - Image file not found for board STM32U575I-EV: C:\ST\STM32CubeIDE_1.4.0\STM32CubeIDE\plugins\com.st.stm32cube.common.mx_6.0.0.202007160824\\db\/plugins/mcufinder/images/boards/stm32u575i-ev_small.jpg
2023-05-22 19:13:56,852 [ERROR] DbBoards:189 - Image file not found for board STM32WB5MM-DK: C:\ST\STM32CubeIDE_1.4.0\STM32CubeIDE\plugins\com.st.stm32cube.common.mx_6.0.0.202007160824\\db\/plugins/mcufinder/images/boards/STM32WB5MM-DK_small.jpg
2023-05-22 19:13:56,852 [INFO] ApiDb:201 - Load user favorites file C:\Users\20102/.stm32cubemx/favorites.boards.txt: 0 item(s)
2023-05-22 19:13:56,852 [INFO] ApiDb:205 - User favorites Boards=[]
2023-05-22 19:13:56,852 [INFO] DbBoards:206 - Set 0 / 0 favorites Boards
2023-05-22 19:13:56,855 [INFO] DbBoardsDocs:81 - Found 418 boards documents
2023-05-22 19:13:56,856 [INFO] ApiDb:226 - Save user favorites file C:\Users\20102/.stm32cubemx/favorites.boards.txt: 0 item(s)
2023-05-22 19:13:56,856 [INFO] ApiDb:230 - User favorites Boards=[]
2023-05-22 19:13:56,859 [INFO] DbBoardsPdsc:94 - Found 23 items
2023-05-22 19:13:56,860 [INFO] DbBoardsPdsc:94 - Found 9 items
2023-05-22 19:13:56,863 [INFO] DbBoardsPdsc:94 - Found 29 items
2023-05-22 19:13:56,867 [INFO] DbBoardsPdsc:94 - Found 1 items
2023-05-22 19:13:56,872 [INFO] DbBoardsPdsc:94 - Found 44 items
2023-05-22 19:13:56,876 [INFO] DbBoardsPdsc:94 - Found 40 items
2023-05-22 19:13:56,879 [INFO] DbBoardsPdsc:94 - Found 2 items
2023-05-22 19:13:56,881 [INFO] DbBoardsPdsc:94 - Found 4 items
2023-05-22 19:13:56,885 [WARN] DbBoardsPdsc:258 - Board STM32H7B3I-DK: unknown feature type=Audio, name=, username=Audio stereo codec with Headphone Amp (CS42L51-CNZ), n=1
2023-05-22 19:13:56,885 [WARN] DbBoardsPdsc:258 - Board STM32H735G-DK: unknown feature type=Audio, name=, username=Audio stereo codec with Headphone Amp (WM8994ECS/R), n=1
2023-05-22 19:13:56,888 [WARN] DbBoardsPdsc:258 - Board STM32H7B3I-EVAL: unknown feature type=Audio, name=, username=Multi-Channel Audio Codec (CS42L51-CNZ), n=1
2023-05-22 19:13:56,888 [WARN] DbBoardsPdsc:258 - Board STM32H7B3I-EVAL: unknown feature type=Meter, name=, username=Power-metering and Temperature-monitoring with sigma-delta modulators, n=1
2023-05-22 19:13:56,888 [WARN] DbBoardsPdsc:258 - Board STM32H7B3I-EVAL: unknown feature type=Motor, name=, username=Motor Control, n=1
2023-05-22 19:13:56,907 [INFO] DbBoardsJson:85 - JSON generation date=Tue Nov 16 18:17:54 EET 2021 (1637079474)
2023-05-22 19:13:56,913 [INFO] DbBoards:117 - Found 166 boards (149 are supported by CubeMX)
2023-05-22 19:13:56,914 [WARN] DbBoards:127 - board B-L475E-IOT01A2 has no document id list !
2023-05-22 19:13:56,918 [WARN] DbBoards:127 - board NUCLEO-H743ZI has no document id list !
2023-05-22 19:13:56,920 [WARN] DbBoards:127 - board P-NUCLEO-WB55-Nucleo has no document id list !
2023-05-22 19:13:56,920 [WARN] DbBoards:127 - board P-NUCLEO-WB55-USBDongle has no document id list !
2023-05-22 19:13:56,921 [WARN] DbBoards:127 - board STEVAL-BFA001V1B has no document id list !
2023-05-22 19:13:56,921 [WARN] DbBoards:127 - board STEVAL-BFA001V2B has no document id list !
2023-05-22 19:13:56,921 [WARN] DbBoards:127 - board STEVAL-IDP005V1 has no document id list !
2023-05-22 19:13:56,921 [WARN] DbBoards:127 - board STEVAL-IDP005V2 has no document id list !
2023-05-22 19:13:56,921 [WARN] DbBoards:127 - board STEVAL-MKSBOX1V1 has no document id list !
2023-05-22 19:13:56,921 [WARN] DbBoards:127 - board STEVAL-STWINKT1 has no document id list !
2023-05-22 19:13:56,921 [WARN] DbBoards:127 - board STEVAL-STWINKT1B has no document id list !
2023-05-22 19:13:56,921 [WARN] DbBoards:127 - board STM32439I-EVAL2 has no document id list !
2023-05-22 19:13:56,922 [WARN] DbBoards:127 - board STM32F401C-DISCO has no document id list !
2023-05-22 19:13:56,923 [WARN] DbBoards:127 - board STM32F769I-DISC1 has no document id list !
2023-05-22 19:13:56,923 [WARN] DbBoards:127 - board STM32G474E-EVAL1 has no document id list !
2023-05-22 19:13:56,924 [WARN] DbBoards:127 - board STM32H743I-EVAL2 has no document id list !
2023-05-22 19:13:56,924 [WARN] DbBoards:127 - board STM32H747I-DISC1 has no document id list !
2023-05-22 19:13:56,924 [WARN] DbBoards:127 - board STM32H753I-EVAL2 has no document id list !
2023-05-22 19:13:56,925 [WARN] DbBoards:127 - board STM32L-DISCOVERY has no document id list !
2023-05-22 19:13:56,967 [ERROR] DbBoards:189 - Image file not found for board B-L462E-CELL1: C:\ST\STM32CubeIDE_1.4.0\STM32CubeIDE\plugins\com.st.stm32cube.common.mx_6.0.0.202007160824\\db\/plugins/mcufinder/images/boards/B-L462E-CELL1_small.jpg
2023-05-22 19:13:56,998 [ERROR] DbBoards:189 - Image file not found for board B-U585I-IOT02A: C:\ST\STM32CubeIDE_1.4.0\STM32CubeIDE\plugins\com.st.stm32cube.common.mx_6.0.0.202007160824\\db\/plugins/mcufinder/images/boards/B-U585I-IOT02A_small.jpg
2023-05-22 19:13:57,056 [ERROR] DbBoards:189 - Image file not found for board NUCLEO-F413ZH: C:\ST\STM32CubeIDE_1.4.0\STM32CubeIDE\plugins\com.st.stm32cube.common.mx_6.0.0.202007160824\\db\/plugins/mcufinder/images/boards/nucleo-f413zh_small.jpg
2023-05-22 19:13:57,185 [ERROR] DbBoards:189 - Image file not found for board NUCLEO-L552ZE-Q: C:\ST\STM32CubeIDE_1.4.0\STM32CubeIDE\plugins\com.st.stm32cube.common.mx_6.0.0.202007160824\\db\/plugins/mcufinder/images/boards/nucleo_l552ze_q_small.jpg
2023-05-22 19:13:57,185 [ERROR] DbBoards:189 - Image file not found for board NUCLEO-U575ZI-Q: C:\ST\STM32CubeIDE_1.4.0\STM32CubeIDE\plugins\com.st.stm32cube.common.mx_6.0.0.202007160824\\db\/plugins/mcufinder/images/boards/nucleo-u575zi-q_small.jpg
2023-05-22 19:13:57,185 [ERROR] DbBoards:189 - Image file not found for board NUCLEO-WB15CC: C:\ST\STM32CubeIDE_1.4.0\STM32CubeIDE\plugins\com.st.stm32cube.common.mx_6.0.0.202007160824\\db\/plugins/mcufinder/images/boards/nucleo-wb15cc_small.jpg
2023-05-22 19:13:57,185 [ERROR] DbBoards:189 - Image file not found for board NUCLEO-WB55RG: C:\ST\STM32CubeIDE_1.4.0\STM32CubeIDE\plugins\com.st.stm32cube.common.mx_6.0.0.202007160824\\db\/plugins/mcufinder/images/boards/nucleo-wb55rg_small.jpg
2023-05-22 19:13:57,186 [ERROR] DbBoards:189 - Image file not found for board NUCLEO-WL55JC: C:\ST\STM32CubeIDE_1.4.0\STM32CubeIDE\plugins\com.st.stm32cube.common.mx_6.0.0.202007160824\\db\/plugins/mcufinder/images/boards/nucleo-wl55jc-small.jpg
2023-05-22 19:13:57,282 [ERROR] DbBoards:189 - Image file not found for board STEVAL-STWINKT1B: C:\ST\STM32CubeIDE_1.4.0\STM32CubeIDE\plugins\com.st.stm32cube.common.mx_6.0.0.202007160824\\db\/plugins/mcufinder/images/boards/steval-stwinkt1b_small.jpg
2023-05-22 19:13:57,476 [ERROR] DbBoards:189 - Image file not found for board STM32G0C1E-EV: C:\ST\STM32CubeIDE_1.4.0\STM32CubeIDE\plugins\com.st.stm32cube.common.mx_6.0.0.202007160824\\db\/plugins/mcufinder/images/boards/stm32g0c1e-eval_small.jpg
2023-05-22 19:13:57,540 [ERROR] DbBoards:189 - Image file not found for board STM32H7B3I-EVAL: C:\ST\STM32CubeIDE_1.4.0\STM32CubeIDE\plugins\com.st.stm32cube.common.mx_6.0.0.202007160824\\db\/plugins/mcufinder/images/boards/stm32h7b3ieval_small.jpg
2023-05-22 19:13:57,653 [ERROR] DbBoards:189 - Image file not found for board STM32U575I-EV: C:\ST\STM32CubeIDE_1.4.0\STM32CubeIDE\plugins\com.st.stm32cube.common.mx_6.0.0.202007160824\\db\/plugins/mcufinder/images/boards/stm32u575i-ev_small.jpg
2023-05-22 19:13:57,673 [ERROR] DbBoards:189 - Image file not found for board STM32WB5MM-DK: C:\ST\STM32CubeIDE_1.4.0\STM32CubeIDE\plugins\com.st.stm32cube.common.mx_6.0.0.202007160824\\db\/plugins/mcufinder/images/boards/STM32WB5MM-DK_small.jpg
2023-05-22 19:13:57,675 [INFO] ApiDb:201 - Load user favorites file C:\Users\20102/.stm32cubemx/favorites.boards.txt: 0 item(s)
2023-05-22 19:13:57,675 [INFO] ApiDb:205 - User favorites Boards=[]
2023-05-22 19:13:57,675 [INFO] DbBoards:206 - Set 0 / 0 favorites Boards
2023-05-22 19:13:57,970 [INFO] McuFinderGlobals:40 - Set McuFinder mode to 2 (CubeIDE integrated)
2023-05-22 19:13:58,138 [INFO] CrossSelectorPresenter:1330 - Cross Selector saved comparison directory: C:\Users\20102\.stmcufinder\plugins\mcufinder\mcu\cs_comparisons_mx
2023-05-22 19:13:58,144 [INFO] MultiScanPanel:193 - Auto-refresh data requested => check proxy status ongoing
2023-05-22 19:13:58,146 [INFO] FinderPluginLoader:87 - Searching for filters in installed packs
2023-05-22 19:13:58,630 [INFO] LoadUrlFilesThread:162 - End of LoadServerUrlFiles without Thread
2023-05-22 19:13:58,646 [INFO] DetailPanel:331 - Set advertising image to C:/Users/20102/STM32Cube/Repository/\stm32cubemx-promo_image.jpg
2023-05-22 19:13:59,238 [INFO] ServerAccessManage:348 - Download File mcusDocs.json._tmp_
2023-05-22 19:13:59,456 [INFO] LoadUrlFilesThread:135 - End of LoadUrlFiles Thread
2023-05-22 19:13:59,555 [INFO] ServerAccessManage:348 - Download File mcusFeaturesAndDescription.json._tmp_
2023-05-22 19:14:03,471 [INFO] LoadUrlFilesThread:135 - End of LoadUrlFiles Thread
2023-05-22 19:14:03,588 [INFO] ServerAccessManage:348 - Download File boardsDocs.json._tmp_
2023-05-22 19:14:03,610 [INFO] LoadUrlFilesThread:135 - End of LoadUrlFiles Thread
2023-05-22 19:14:03,752 [INFO] ServerAccessManage:348 - Download File boards.json._tmp_
2023-05-22 19:14:03,948 [INFO] LoadUrlFilesThread:135 - End of LoadUrlFiles Thread
2023-05-22 19:14:04,411 [INFO] ServerAccessManage:348 - Download File cube-finder-db.zip
2023-05-22 19:14:21,686 [INFO] FileExtend:225 - Unzip File : cube-finder-db.zip
2023-05-22 19:14:21,688 [INFO] FileExtend:240 - Standard Zip Deflate
2023-05-22 19:14:22,554 [INFO] LoadUrlFilesThread:135 - End of LoadUrlFiles Thread
2023-05-22 19:14:23,745 [INFO] ServerAccessManage:348 - Download File crdb.zip
2023-05-22 19:14:24,266 [INFO] FileExtend:225 - Unzip File : crdb.zip
2023-05-22 19:14:24,268 [INFO] FileExtend:240 - Standard Zip Deflate
2023-05-22 19:14:24,311 [INFO] LoadUrlFilesThread:135 - End of LoadUrlFiles Thread
2023-05-22 19:14:24,727 [INFO] ServerAccessManage:348 - Download File tutoVideoDB.zip
2023-05-22 19:14:24,798 [INFO] FileExtend:225 - Unzip File : tutoVideoDB.zip
2023-05-22 19:14:24,800 [INFO] FileExtend:240 - Standard Zip Deflate
2023-05-22 19:14:24,830 [INFO] LoadUrlFilesThread:135 - End of LoadUrlFiles Thread
2023-05-22 19:14:24,837 [INFO] DbMcusDocs:145 - JSON generation date=Tue Nov 16 18:17:54 EET 2021 (1637079474)
2023-05-22 19:14:25,093 [INFO] DbMcusDocs:81 - Found 682 MCUs documents
2023-05-22 19:14:25,101 [INFO] ApiDb:226 - Save user favorites file C:\Users\20102/.stm32cubeide/favorites.mcus.txt: 0 item(s)
2023-05-22 19:14:25,102 [INFO] ApiDb:230 - User favorites MCUs=[]
2023-05-22 19:14:25,102 [INFO] DbMcusXml:100 - Load MCU database from C:\ST\STM32CubeIDE_1.4.0\STM32CubeIDE\plugins\com.st.stm32cube.common.mx_6.0.0.202007160824\\db\/mcu/families.xml
2023-05-22 19:14:25,582 [INFO] DbMcusJson:92 - JSON generation date=Tue Nov 16 18:17:54 EET 2021 (1637079474)
2023-05-22 19:14:26,128 [INFO] DbMcus:175 - Found 1761 MCUs (1722 are supported by CubeMX, 1911 are visible in CubeMX)
2023-05-22 19:14:26,129 [INFO] ApiDb:201 - Load user favorites file C:\Users\20102/.stm32cubeide/favorites.mcus.txt: 0 item(s)
2023-05-22 19:14:26,129 [INFO] ApiDb:205 - User favorites MCUs=[]
2023-05-22 19:14:26,129 [INFO] DbMcus:187 - Set 0 / 0 favorites MCUs
2023-05-22 19:14:26,196 [INFO] McuFilterPanel:245 - Update 0 favorites MCUs
2023-05-22 19:14:26,470 [INFO] DbBoardsDocs:145 - JSON generation date=Tue Nov 16 18:17:54 EET 2021 (1637079474)
2023-05-22 19:14:26,473 [INFO] DbBoardsDocs:81 - Found 209 boards documents
2023-05-22 19:14:26,476 [INFO] ApiDb:226 - Save user favorites file C:\Users\20102/.stm32cubeide/favorites.boards.txt: 0 item(s)
2023-05-22 19:14:26,476 [INFO] ApiDb:230 - User favorites Boards=[]
2023-05-22 19:14:26,480 [INFO] DbBoardsPdsc:94 - Found 23 items
2023-05-22 19:14:26,482 [INFO] DbBoardsPdsc:94 - Found 9 items
2023-05-22 19:14:26,486 [INFO] DbBoardsPdsc:94 - Found 29 items
2023-05-22 19:14:26,487 [INFO] DbBoardsPdsc:94 - Found 1 items
2023-05-22 19:14:26,493 [INFO] DbBoardsPdsc:94 - Found 44 items
2023-05-22 19:14:26,498 [INFO] DbBoardsPdsc:94 - Found 40 items
2023-05-22 19:14:26,500 [INFO] DbBoardsPdsc:94 - Found 2 items
2023-05-22 19:14:26,503 [INFO] DbBoardsPdsc:94 - Found 4 items
2023-05-22 19:14:26,506 [WARN] DbBoardsPdsc:258 - Board STM32H7B3I-DK: unknown feature type=Audio, name=, username=Audio stereo codec with Headphone Amp (CS42L51-CNZ), n=1
2023-05-22 19:14:26,507 [WARN] DbBoardsPdsc:258 - Board STM32H735G-DK: unknown feature type=Audio, name=, username=Audio stereo codec with Headphone Amp (WM8994ECS/R), n=1
2023-05-22 19:14:26,508 [WARN] DbBoardsPdsc:258 - Board STM32H7B3I-EVAL: unknown feature type=Audio, name=, username=Multi-Channel Audio Codec (CS42L51-CNZ), n=1
2023-05-22 19:14:26,509 [WARN] DbBoardsPdsc:258 - Board STM32H7B3I-EVAL: unknown feature type=Meter, name=, username=Power-metering and Temperature-monitoring with sigma-delta modulators, n=1
2023-05-22 19:14:26,509 [WARN] DbBoardsPdsc:258 - Board STM32H7B3I-EVAL: unknown feature type=Motor, name=, username=Motor Control, n=1
2023-05-22 19:14:26,574 [INFO] DbBoardsJson:85 - JSON generation date=Tue Nov 16 18:17:54 EET 2021 (1637079474)
2023-05-22 19:14:26,582 [INFO] DbBoards:117 - Found 166 boards (149 are supported by CubeMX)
2023-05-22 19:14:26,583 [WARN] DbBoards:127 - board B-L475E-IOT01A2 has no document id list !
2023-05-22 19:14:26,592 [WARN] DbBoards:127 - board NUCLEO-H743ZI has no document id list !
2023-05-22 19:14:26,593 [WARN] DbBoards:127 - board P-NUCLEO-WB55-Nucleo has no document id list !
2023-05-22 19:14:26,594 [WARN] DbBoards:127 - board P-NUCLEO-WB55-USBDongle has no document id list !
2023-05-22 19:14:26,594 [WARN] DbBoards:127 - board STEVAL-BFA001V1B has no document id list !
2023-05-22 19:14:26,594 [WARN] DbBoards:127 - board STEVAL-BFA001V2B has no document id list !
2023-05-22 19:14:26,594 [WARN] DbBoards:127 - board STEVAL-IDP005V1 has no document id list !
2023-05-22 19:14:26,594 [WARN] DbBoards:127 - board STEVAL-IDP005V2 has no document id list !
2023-05-22 19:14:26,595 [WARN] DbBoards:127 - board STEVAL-MKSBOX1V1 has no document id list !
2023-05-22 19:14:26,595 [WARN] DbBoards:127 - board STEVAL-STWINKT1 has no document id list !
2023-05-22 19:14:26,595 [WARN] DbBoards:127 - board STEVAL-STWINKT1B has no document id list !
2023-05-22 19:14:26,595 [WARN] DbBoards:127 - board STM32439I-EVAL2 has no document id list !
2023-05-22 19:14:26,595 [WARN] DbBoards:127 - board STM32F401C-DISCO has no document id list !
2023-05-22 19:14:26,596 [WARN] DbBoards:127 - board STM32F769I-DISC1 has no document id list !
2023-05-22 19:14:26,596 [WARN] DbBoards:127 - board STM32G474E-EVAL1 has no document id list !
2023-05-22 19:14:26,596 [WARN] DbBoards:127 - board STM32H743I-EVAL2 has no document id list !
2023-05-22 19:14:26,596 [WARN] DbBoards:127 - board STM32H747I-DISC1 has no document id list !
2023-05-22 19:14:26,597 [WARN] DbBoards:127 - board STM32H753I-EVAL2 has no document id list !
2023-05-22 19:14:26,597 [WARN] DbBoards:127 - board STM32L-DISCOVERY has no document id list !
2023-05-22 19:14:26,683 [ERROR] DbBoards:189 - Image file not found for board B-L462E-CELL1: C:\ST\STM32CubeIDE_1.4.0\STM32CubeIDE\plugins\com.st.stm32cube.common.mx_6.0.0.202007160824\\db\/plugins/mcufinder/images/boards/B-L462E-CELL1_small.jpg
2023-05-22 19:14:26,724 [ERROR] DbBoards:189 - Image file not found for board B-U585I-IOT02A: C:\ST\STM32CubeIDE_1.4.0\STM32CubeIDE\plugins\com.st.stm32cube.common.mx_6.0.0.202007160824\\db\/plugins/mcufinder/images/boards/B-U585I-IOT02A_small.jpg
2023-05-22 19:14:26,801 [ERROR] DbBoards:189 - Image file not found for board NUCLEO-F413ZH: C:\ST\STM32CubeIDE_1.4.0\STM32CubeIDE\plugins\com.st.stm32cube.common.mx_6.0.0.202007160824\\db\/plugins/mcufinder/images/boards/nucleo-f413zh_small.jpg
2023-05-22 19:14:26,963 [ERROR] DbBoards:189 - Image file not found for board NUCLEO-L552ZE-Q: C:\ST\STM32CubeIDE_1.4.0\STM32CubeIDE\plugins\com.st.stm32cube.common.mx_6.0.0.202007160824\\db\/plugins/mcufinder/images/boards/nucleo_l552ze_q_small.jpg
2023-05-22 19:14:26,963 [ERROR] DbBoards:189 - Image file not found for board NUCLEO-U575ZI-Q: C:\ST\STM32CubeIDE_1.4.0\STM32CubeIDE\plugins\com.st.stm32cube.common.mx_6.0.0.202007160824\\db\/plugins/mcufinder/images/boards/nucleo-u575zi-q_small.jpg
2023-05-22 19:14:26,963 [ERROR] DbBoards:189 - Image file not found for board NUCLEO-WB15CC: C:\ST\STM32CubeIDE_1.4.0\STM32CubeIDE\plugins\com.st.stm32cube.common.mx_6.0.0.202007160824\\db\/plugins/mcufinder/images/boards/nucleo-wb15cc_small.jpg
2023-05-22 19:14:26,963 [ERROR] DbBoards:189 - Image file not found for board NUCLEO-WB55RG: C:\ST\STM32CubeIDE_1.4.0\STM32CubeIDE\plugins\com.st.stm32cube.common.mx_6.0.0.202007160824\\db\/plugins/mcufinder/images/boards/nucleo-wb55rg_small.jpg
2023-05-22 19:14:26,963 [ERROR] DbBoards:189 - Image file not found for board NUCLEO-WL55JC: C:\ST\STM32CubeIDE_1.4.0\STM32CubeIDE\plugins\com.st.stm32cube.common.mx_6.0.0.202007160824\\db\/plugins/mcufinder/images/boards/nucleo-wl55jc-small.jpg
2023-05-22 19:14:27,055 [ERROR] DbBoards:189 - Image file not found for board STEVAL-STWINKT1B: C:\ST\STM32CubeIDE_1.4.0\STM32CubeIDE\plugins\com.st.stm32cube.common.mx_6.0.0.202007160824\\db\/plugins/mcufinder/images/boards/steval-stwinkt1b_small.jpg
2023-05-22 19:14:27,247 [ERROR] DbBoards:189 - Image file not found for board STM32G0C1E-EV: C:\ST\STM32CubeIDE_1.4.0\STM32CubeIDE\plugins\com.st.stm32cube.common.mx_6.0.0.202007160824\\db\/plugins/mcufinder/images/boards/stm32g0c1e-eval_small.jpg
2023-05-22 19:14:27,319 [ERROR] DbBoards:189 - Image file not found for board STM32H7B3I-EVAL: C:\ST\STM32CubeIDE_1.4.0\STM32CubeIDE\plugins\com.st.stm32cube.common.mx_6.0.0.202007160824\\db\/plugins/mcufinder/images/boards/stm32h7b3ieval_small.jpg
2023-05-22 19:14:27,455 [ERROR] DbBoards:189 - Image file not found for board STM32U575I-EV: C:\ST\STM32CubeIDE_1.4.0\STM32CubeIDE\plugins\com.st.stm32cube.common.mx_6.0.0.202007160824\\db\/plugins/mcufinder/images/boards/stm32u575i-ev_small.jpg
2023-05-22 19:14:27,473 [ERROR] DbBoards:189 - Image file not found for board STM32WB5MM-DK: C:\ST\STM32CubeIDE_1.4.0\STM32CubeIDE\plugins\com.st.stm32cube.common.mx_6.0.0.202007160824\\db\/plugins/mcufinder/images/boards/STM32WB5MM-DK_small.jpg
2023-05-22 19:14:27,473 [INFO] ApiDb:201 - Load user favorites file C:\Users\20102/.stm32cubeide/favorites.boards.txt: 0 item(s)
2023-05-22 19:14:27,474 [INFO] ApiDb:205 - User favorites Boards=[]
2023-05-22 19:14:27,474 [INFO] DbBoards:206 - Set 0 / 0 favorites Boards
2023-05-22 19:14:27,618 [INFO] LoadUrlFilesThread:162 - End of LoadServerUrlFiles without Thread
2023-05-22 19:14:27,619 [INFO] MultiScanPanel:787 - Refresh data is succesful
2023-05-22 19:14:27,620 [INFO] McuFilterPanel:245 - Update 0 favorites MCUs
2023-05-22 19:15:16,225 [INFO] LogOutputStream:76 - [STDOUT_REDIRECT] withoutVersionV1.8.4
2023-05-22 19:15:16,225 [INFO] LogOutputStream:76 - [STDOUT_REDIRECT] withoutVersionV1.8.3
2023-05-22 19:15:16,226 [INFO] LogOutputStream:76 - [STDOUT_REDIRECT] withoutVersionV1.8.2
2023-05-22 19:15:16,226 [INFO] LogOutputStream:76 - [STDOUT_REDIRECT] withoutVersionV1.8.1
2023-05-22 19:15:16,226 [INFO] LogOutputStream:76 - [STDOUT_REDIRECT] withoutVersionV1.8.0
2023-05-22 19:15:22,496 [INFO] ApiDb:226 - Save user favorites file C:\Users\20102/.stm32cubeide/favorites.mcus.txt: 0 item(s)
2023-05-22 19:15:22,497 [INFO] ApiDb:230 - User favorites MCUs=[]
2023-05-24 11:05:01,515 [INFO] Activator:178 - 


2023-05-24 11:05:01,519 [INFO] Activator:179 - !SESSION log4j initialized
2023-05-24 11:05:44,854 [INFO] RetryExec:97 - I/O exception (org.apache.http.NoHttpResponseException) caught when processing request to {s}->https://download.eclipse.org:443: The target server failed to respond
2023-05-24 11:05:44,871 [INFO] RetryExec:113 - Retrying request to {s}->https://download.eclipse.org:443
2023-05-24 11:05:45,620 [INFO] RetryExec:97 - I/O exception (org.apache.http.NoHttpResponseException) caught when processing request to {s}->https://archive.eclipse.org:443: The target server failed to respond
2023-05-24 11:05:45,621 [INFO] RetryExec:113 - Retrying request to {s}->https://archive.eclipse.org:443
2023-06-02 20:28:33,670 [INFO] Activator:178 - 


2023-06-02 20:28:33,675 [INFO] Activator:179 - !SESSION log4j initialized
2023-06-02 20:29:31,626 [INFO] RetryExec:97 - I/O exception (org.apache.http.NoHttpResponseException) caught when processing request to {s}->https://download.eclipse.org:443: The target server failed to respond
2023-06-02 20:29:31,628 [INFO] RetryExec:113 - Retrying request to {s}->https://download.eclipse.org:443
2023-06-02 20:29:32,461 [INFO] RetryExec:97 - I/O exception (org.apache.http.NoHttpResponseException) caught when processing request to {s}->https://archive.eclipse.org:443: The target server failed to respond
2023-06-02 20:29:32,461 [INFO] RetryExec:113 - Retrying request to {s}->https://archive.eclipse.org:443
2023-06-02 20:29:33,345 [INFO] RetryExec:97 - I/O exception (org.apache.http.NoHttpResponseException) caught when processing request to {s}->https://download.eclipse.org:443: The target server failed to respond
2023-06-02 20:29:33,345 [INFO] RetryExec:113 - Retrying request to {s}->https://download.eclipse.org:443
2023-06-08 12:42:20,646 [INFO] Activator:178 - 


2023-06-08 12:42:20,650 [INFO] Activator:179 - !SESSION log4j initialized
2023-06-08 12:43:07,735 [INFO] RetryExec:97 - I/O exception (org.apache.http.NoHttpResponseException) caught when processing request to {s}->https://download.eclipse.org:443: The target server failed to respond
2023-06-08 12:43:07,748 [INFO] RetryExec:113 - Retrying request to {s}->https://download.eclipse.org:443
2023-06-08 12:43:08,481 [INFO] RetryExec:97 - I/O exception (org.apache.http.NoHttpResponseException) caught when processing request to {s}->https://archive.eclipse.org:443: The target server failed to respond
2023-06-08 12:43:08,481 [INFO] RetryExec:113 - Retrying request to {s}->https://archive.eclipse.org:443
2023-06-15 10:38:52,180 [INFO] Activator:178 - 


2023-06-15 10:38:52,185 [INFO] Activator:179 - !SESSION log4j initialized
2023-06-15 10:39:42,728 [INFO] RetryExec:97 - I/O exception (org.apache.http.NoHttpResponseException) caught when processing request to {s}->https://download.eclipse.org:443: The target server failed to respond
2023-06-15 10:39:42,731 [INFO] RetryExec:113 - Retrying request to {s}->https://download.eclipse.org:443
2023-06-15 10:39:43,480 [INFO] RetryExec:97 - I/O exception (org.apache.http.NoHttpResponseException) caught when processing request to {s}->https://archive.eclipse.org:443: The target server failed to respond
2023-06-15 10:39:43,480 [INFO] RetryExec:113 - Retrying request to {s}->https://archive.eclipse.org:443
2023-06-15 16:58:53,129 [INFO] Activator:178 - 


2023-06-15 16:58:53,133 [INFO] Activator:179 - !SESSION log4j initialized
2023-06-15 16:59:45,928 [INFO] RetryExec:97 - I/O exception (org.apache.http.NoHttpResponseException) caught when processing request to {s}->https://download.eclipse.org:443: The target server failed to respond
2023-06-15 16:59:45,931 [INFO] RetryExec:113 - Retrying request to {s}->https://download.eclipse.org:443
2023-06-15 16:59:46,791 [INFO] RetryExec:97 - I/O exception (org.apache.http.NoHttpResponseException) caught when processing request to {s}->https://archive.eclipse.org:443: The target server failed to respond
2023-06-15 16:59:46,792 [INFO] RetryExec:113 - Retrying request to {s}->https://archive.eclipse.org:443
2023-06-18 10:10:14,748 [INFO] Activator:178 - 


2023-06-18 10:10:14,753 [INFO] Activator:179 - !SESSION log4j initialized
2023-06-18 10:11:02,854 [INFO] RetryExec:97 - I/O exception (org.apache.http.NoHttpResponseException) caught when processing request to {s}->https://download.eclipse.org:443: The target server failed to respond
2023-06-18 10:11:02,856 [INFO] RetryExec:113 - Retrying request to {s}->https://download.eclipse.org:443
2023-06-18 10:11:03,593 [INFO] RetryExec:97 - I/O exception (org.apache.http.NoHttpResponseException) caught when processing request to {s}->https://archive.eclipse.org:443: The target server failed to respond
2023-06-18 10:11:03,593 [INFO] RetryExec:113 - Retrying request to {s}->https://archive.eclipse.org:443
2023-06-18 17:18:28,023 [INFO] Activator:178 - 


2023-06-18 17:18:28,028 [INFO] Activator:179 - !SESSION log4j initialized
2023-06-18 17:19:27,768 [INFO] RetryExec:97 - I/O exception (org.apache.http.NoHttpResponseException) caught when processing request to {s}->https://download.eclipse.org:443: The target server failed to respond
2023-06-18 17:19:27,770 [INFO] RetryExec:113 - Retrying request to {s}->https://download.eclipse.org:443
2023-06-18 17:19:28,515 [INFO] RetryExec:97 - I/O exception (org.apache.http.NoHttpResponseException) caught when processing request to {s}->https://archive.eclipse.org:443: The target server failed to respond
2023-06-18 17:19:28,516 [INFO] RetryExec:113 - Retrying request to {s}->https://archive.eclipse.org:443
2023-06-19 11:37:27,887 [INFO] Activator:178 - 


2023-06-19 11:37:27,895 [INFO] Activator:179 - !SESSION log4j initialized
